[ 2016-05-11T15:19:17+08:00 ] 127.0.0.1 /jhms/
INFO: [ app_init ] --START--
INFO: Run Behavior\BuildLiteBehavior [ RunTime:0.000043s ]
INFO: [ app_init ] --END-- [ RunTime:0.001793s ]
INFO: [ app_begin ] --START--
INFO: Run Behavior\ReadHtmlCacheBehavior [ RunTime:0.016791s ]
INFO: [ app_begin ] --END-- [ RunTime:0.016991s ]
INFO: [ view_parse ] --START--
INFO: [ template_filter ] --START--
INFO: Run Behavior\ContentReplaceBehavior [ RunTime:0.000157s ]
INFO: [ template_filter ] --END-- [ RunTime:0.000309s ]
INFO: Run Behavior\ParseTemplateBehavior [ RunTime:0.116684s ]
INFO: [ view_parse ] --END-- [ RunTime:0.116877s ]
INFO: [ view_filter ] --START--
INFO: Run Behavior\WriteHtmlCacheBehavior [ RunTime:0.002075s ]
INFO: [ view_filter ] --END-- [ RunTime:0.002221s ]
INFO: [ app_end ] --START--
INFO: Run Behavior\ShowPageTraceBehavior [ RunTime:0.002661s ]
INFO: [ app_end ] --END-- [ RunTime:0.002817s ]

[ 2016-05-11T15:19:23+08:00 ] 127.0.0.1 /jhms/Home/Index/read
INFO: [ app_init ] --START--
INFO: Run Behavior\BuildLiteBehavior [ RunTime:0.000046s ]
INFO: [ app_init ] --END-- [ RunTime:0.001362s ]
INFO: [ app_begin ] --START--
INFO: Run Behavior\ReadHtmlCacheBehavior [ RunTime:0.002925s ]
INFO: [ app_begin ] --END-- [ RunTime:0.003135s ]
SQL: SHOW COLUMNS FROM `think_zpjh` [ RunTime:0.5449s ]
SQL: SELECT * FROM `think_zpjh`  [ RunTime:0.1548s ]
SQL: SELECT COUNT(*) AS tp_count FROM `think_zpjh` LIMIT 1   [ RunTime:0.0638s ]
INFO: [ app_end ] --START--
INFO: Run Behavior\ShowPageTraceBehavior [ RunTime:0.002178s ]
INFO: [ app_end ] --END-- [ RunTime:0.002365s ]

[ 2016-05-11T15:19:23+08:00 ] 127.0.0.1 /jhms/Home/Index/read
INFO: [ app_init ] --START--
INFO: Run Behavior\BuildLiteBehavior [ RunTime:0.000039s ]
INFO: [ app_init ] --END-- [ RunTime:0.001360s ]
INFO: [ app_begin ] --START--
INFO: Run Behavior\ReadHtmlCacheBehavior [ RunTime:0.001807s ]
INFO: [ app_begin ] --END-- [ RunTime:0.001975s ]
SQL: SHOW COLUMNS FROM `think_zpjh` [ RunTime:0.0131s ]
SQL: SELECT * FROM `think_zpjh`  [ RunTime:0.0020s ]
SQL: SELECT COUNT(*) AS tp_count FROM `think_zpjh` LIMIT 1   [ RunTime:0.0007s ]
INFO: [ app_end ] --START--
INFO: Run Behavior\ShowPageTraceBehavior [ RunTime:0.001782s ]
INFO: [ app_end ] --END-- [ RunTime:0.001956s ]

[ 2016-05-11T15:19:23+08:00 ] 127.0.0.1 /jhms/Home/Index/read
INFO: [ app_init ] --START--
INFO: Run Behavior\BuildLiteBehavior [ RunTime:0.000039s ]
INFO: [ app_init ] --END-- [ RunTime:0.001267s ]
INFO: [ app_begin ] --START--
INFO: Run Behavior\ReadHtmlCacheBehavior [ RunTime:0.001800s ]
INFO: [ app_begin ] --END-- [ RunTime:0.001967s ]
SQL: SHOW COLUMNS FROM `think_zpjh` [ RunTime:0.0154s ]
SQL: SELECT * FROM `think_zpjh`  [ RunTime:0.0028s ]
SQL: SELECT COUNT(*) AS tp_count FROM `think_zpjh` LIMIT 1   [ RunTime:0.0009s ]
INFO: [ app_end ] --START--
INFO: Run Behavior\ShowPageTraceBehavior [ RunTime:0.006649s ]
INFO: [ app_end ] --END-- [ RunTime:0.006931s ]

