[ 2016-05-24T14:26:35+08:00 ] 127.0.0.1 /jhms/home/index/gginfo
INFO: [ app_init ] --START--
INFO: Run Behavior\BuildLiteBehavior [ RunTime:0.000037s ]
INFO: [ app_init ] --END-- [ RunTime:0.180983s ]
INFO: [ app_begin ] --START--
INFO: Run Behavior\ReadHtmlCacheBehavior [ RunTime:0.052864s ]
INFO: [ app_begin ] --END-- [ RunTime:0.053068s ]
NOTIC: [2] curl_setopt() [<a href='function.curl-setopt'>function.curl-setopt</a>]: You must pass either an object or an array with the CURLOPT_HTTPHEADER, CURLOPT_QUOTE, CURLOPT_HTTP200ALIASES and CURLOPT_POSTQUOTE arguments E:\xampp\htdocs\jhms\Application\Home\Common\function.php 第 201 行.
INFO: [ app_end ] --START--
INFO: Run Behavior\ShowPageTraceBehavior [ RunTime:0.222601s ]
INFO: [ app_end ] --END-- [ RunTime:0.222837s ]

[ 2016-05-24T14:39:04+08:00 ] 127.0.0.1 /jhms/home/index/gginfo
INFO: [ app_init ] --START--
INFO: Run Behavior\BuildLiteBehavior [ RunTime:0.000046s ]
INFO: [ app_init ] --END-- [ RunTime:0.001299s ]
INFO: [ app_begin ] --START--
INFO: Run Behavior\ReadHtmlCacheBehavior [ RunTime:0.002784s ]
INFO: [ app_begin ] --END-- [ RunTime:0.003022s ]
NOTIC: [2] curl_setopt() [<a href='function.curl-setopt'>function.curl-setopt</a>]: You must pass either an object or an array with the CURLOPT_HTTPHEADER, CURLOPT_QUOTE, CURLOPT_HTTP200ALIASES and CURLOPT_POSTQUOTE arguments E:\xampp\htdocs\jhms\Application\Home\Common\function.php 第 201 行.

[ 2016-05-24T14:39:51+08:00 ] 127.0.0.1 /jhms/home/index/gginfo
INFO: [ app_init ] --START--
INFO: Run Behavior\BuildLiteBehavior [ RunTime:0.000042s ]
INFO: [ app_init ] --END-- [ RunTime:0.025457s ]
INFO: [ app_begin ] --START--
INFO: Run Behavior\ReadHtmlCacheBehavior [ RunTime:0.035333s ]
INFO: [ app_begin ] --END-- [ RunTime:0.035731s ]
NOTIC: [2] curl_setopt() [<a href='function.curl-setopt'>function.curl-setopt</a>]: You must pass either an object or an array with the CURLOPT_HTTPHEADER, CURLOPT_QUOTE, CURLOPT_HTTP200ALIASES and CURLOPT_POSTQUOTE arguments E:\xampp\htdocs\jhms\Application\Home\Common\function.php 第 201 行.
NOTIC: [8] iconv() [<a href='function.iconv'>function.iconv</a>]: Detected an illegal character in input string E:\xampp\htdocs\jhms\Application\Home\Common\function.php 第 207 行.
INFO: [ app_end ] --START--
INFO: Run Behavior\ShowPageTraceBehavior [ RunTime:0.035217s ]
INFO: [ app_end ] --END-- [ RunTime:0.035402s ]

[ 2016-05-24T14:41:56+08:00 ] 127.0.0.1 /jhms/home/index/gginfo
INFO: [ app_init ] --START--
INFO: Run Behavior\BuildLiteBehavior [ RunTime:0.000036s ]
INFO: [ app_init ] --END-- [ RunTime:0.001163s ]
INFO: [ app_begin ] --START--
INFO: Run Behavior\ReadHtmlCacheBehavior [ RunTime:0.001495s ]
INFO: [ app_begin ] --END-- [ RunTime:0.001657s ]
NOTIC: [2] curl_setopt() [<a href='function.curl-setopt'>function.curl-setopt</a>]: You must pass either an object or an array with the CURLOPT_HTTPHEADER, CURLOPT_QUOTE, CURLOPT_HTTP200ALIASES and CURLOPT_POSTQUOTE arguments E:\xampp\htdocs\jhms\Application\Home\Common\function.php 第 201 行.

[ 2016-05-24T14:50:03+08:00 ] 127.0.0.1 /jhms/home/index/gginfo
INFO: [ app_init ] --START--
INFO: Run Behavior\BuildLiteBehavior [ RunTime:0.000298s ]
INFO: [ app_init ] --END-- [ RunTime:0.049479s ]
INFO: [ app_begin ] --START--
INFO: Run Behavior\ReadHtmlCacheBehavior [ RunTime:0.020176s ]
INFO: [ app_begin ] --END-- [ RunTime:0.020480s ]
NOTIC: [2] curl_setopt() [<a href='function.curl-setopt'>function.curl-setopt</a>]: You must pass either an object or an array with the CURLOPT_HTTPHEADER, CURLOPT_QUOTE, CURLOPT_HTTP200ALIASES and CURLOPT_POSTQUOTE arguments E:\xampp\htdocs\jhms\Application\Home\Common\function.php 第 201 行.
INFO: [ app_end ] --START--
INFO: Run Behavior\ShowPageTraceBehavior [ RunTime:0.093535s ]
INFO: [ app_end ] --END-- [ RunTime:0.093782s ]

[ 2016-05-24T14:51:58+08:00 ] 127.0.0.1 /jhms/home/index/gginfo
INFO: [ app_init ] --START--
INFO: Run Behavior\BuildLiteBehavior [ RunTime:0.000043s ]
INFO: [ app_init ] --END-- [ RunTime:0.001152s ]
INFO: [ app_begin ] --START--
INFO: Run Behavior\ReadHtmlCacheBehavior [ RunTime:0.002553s ]
INFO: [ app_begin ] --END-- [ RunTime:0.002774s ]
NOTIC: [2] curl_setopt() [<a href='function.curl-setopt'>function.curl-setopt</a>]: You must pass either an object or an array with the CURLOPT_HTTPHEADER, CURLOPT_QUOTE, CURLOPT_HTTP200ALIASES and CURLOPT_POSTQUOTE arguments E:\xampp\htdocs\jhms\Application\Home\Common\function.php 第 201 行.
NOTIC: [8] iconv() [<a href='function.iconv'>function.iconv</a>]: Detected an illegal character in input string E:\xampp\htdocs\jhms\Application\Home\Common\function.php 第 207 行.
INFO: [ app_end ] --START--
INFO: Run Behavior\ShowPageTraceBehavior [ RunTime:0.001702s ]
INFO: [ app_end ] --END-- [ RunTime:0.001910s ]

[ 2016-05-24T14:52:34+08:00 ] 127.0.0.1 /jhms/home/index/gginfo
INFO: [ app_init ] --START--
INFO: Run Behavior\BuildLiteBehavior [ RunTime:0.000044s ]
INFO: [ app_init ] --END-- [ RunTime:0.001258s ]
INFO: [ app_begin ] --START--
INFO: Run Behavior\ReadHtmlCacheBehavior [ RunTime:0.002275s ]
INFO: [ app_begin ] --END-- [ RunTime:0.002484s ]
NOTIC: [2] curl_setopt() [<a href='function.curl-setopt'>function.curl-setopt</a>]: You must pass either an object or an array with the CURLOPT_HTTPHEADER, CURLOPT_QUOTE, CURLOPT_HTTP200ALIASES and CURLOPT_POSTQUOTE arguments E:\xampp\htdocs\jhms\Application\Home\Common\function.php 第 201 行.

[ 2016-05-24T14:52:36+08:00 ] 127.0.0.1 /jhms/home/index/gginfo
INFO: [ app_init ] --START--
INFO: Run Behavior\BuildLiteBehavior [ RunTime:0.000056s ]
INFO: [ app_init ] --END-- [ RunTime:0.076976s ]
INFO: [ app_begin ] --START--
INFO: Run Behavior\ReadHtmlCacheBehavior [ RunTime:0.013494s ]
INFO: [ app_begin ] --END-- [ RunTime:0.013715s ]
NOTIC: [2] curl_setopt() [<a href='function.curl-setopt'>function.curl-setopt</a>]: You must pass either an object or an array with the CURLOPT_HTTPHEADER, CURLOPT_QUOTE, CURLOPT_HTTP200ALIASES and CURLOPT_POSTQUOTE arguments E:\xampp\htdocs\jhms\Application\Home\Common\function.php 第 201 行.
NOTIC: [8] iconv() [<a href='function.iconv'>function.iconv</a>]: Detected an illegal character in input string E:\xampp\htdocs\jhms\Application\Home\Common\function.php 第 207 行.
INFO: [ app_end ] --START--
INFO: Run Behavior\ShowPageTraceBehavior [ RunTime:0.043225s ]
INFO: [ app_end ] --END-- [ RunTime:0.043387s ]

[ 2016-05-24T14:54:20+08:00 ] 127.0.0.1 /jhms/home/index/gginfo
INFO: [ app_init ] --START--
INFO: Run Behavior\BuildLiteBehavior [ RunTime:0.000043s ]
INFO: [ app_init ] --END-- [ RunTime:0.001138s ]
INFO: [ app_begin ] --START--
INFO: Run Behavior\ReadHtmlCacheBehavior [ RunTime:0.001324s ]
INFO: [ app_begin ] --END-- [ RunTime:0.001499s ]
NOTIC: [2] curl_setopt() [<a href='function.curl-setopt'>function.curl-setopt</a>]: You must pass either an object or an array with the CURLOPT_HTTPHEADER, CURLOPT_QUOTE, CURLOPT_HTTP200ALIASES and CURLOPT_POSTQUOTE arguments E:\xampp\htdocs\jhms\Application\Home\Common\function.php 第 201 行.

[ 2016-05-24T14:57:29+08:00 ] 127.0.0.1 /jhms/home/index/gginfo
INFO: [ app_init ] --START--
INFO: Run Behavior\BuildLiteBehavior [ RunTime:0.000076s ]
INFO: [ app_init ] --END-- [ RunTime:0.069024s ]
INFO: [ app_begin ] --START--
INFO: Run Behavior\ReadHtmlCacheBehavior [ RunTime:0.018525s ]
INFO: [ app_begin ] --END-- [ RunTime:0.018949s ]
NOTIC: [2] curl_setopt() [<a href='function.curl-setopt'>function.curl-setopt</a>]: You must pass either an object or an array with the CURLOPT_HTTPHEADER, CURLOPT_QUOTE, CURLOPT_HTTP200ALIASES and CURLOPT_POSTQUOTE arguments E:\xampp\htdocs\jhms\Application\Home\Common\function.php 第 201 行.

[ 2016-05-24T14:57:37+08:00 ] 127.0.0.1 /jhms/home/index/gginfo
INFO: [ app_init ] --START--
INFO: Run Behavior\BuildLiteBehavior [ RunTime:0.000037s ]
INFO: [ app_init ] --END-- [ RunTime:0.001085s ]
INFO: [ app_begin ] --START--
INFO: Run Behavior\ReadHtmlCacheBehavior [ RunTime:0.001474s ]
INFO: [ app_begin ] --END-- [ RunTime:0.001655s ]
NOTIC: [2] curl_setopt() [<a href='function.curl-setopt'>function.curl-setopt</a>]: You must pass either an object or an array with the CURLOPT_HTTPHEADER, CURLOPT_QUOTE, CURLOPT_HTTP200ALIASES and CURLOPT_POSTQUOTE arguments E:\xampp\htdocs\jhms\Application\Home\Common\function.php 第 201 行.
NOTIC: [8] Trying to get property of non-object E:\xampp\htdocs\jhms\Application\Home\Controller\IndexController.class.php 第 226 行.
INFO: [ app_end ] --START--
INFO: Run Behavior\ShowPageTraceBehavior [ RunTime:0.034343s ]
INFO: [ app_end ] --END-- [ RunTime:0.034563s ]

[ 2016-05-24T14:57:44+08:00 ] 127.0.0.1 /jhms/home/index/gginfo
INFO: [ app_init ] --START--
INFO: Run Behavior\BuildLiteBehavior [ RunTime:0.000040s ]
INFO: [ app_init ] --END-- [ RunTime:0.001250s ]
INFO: [ app_begin ] --START--
INFO: Run Behavior\ReadHtmlCacheBehavior [ RunTime:0.001546s ]
INFO: [ app_begin ] --END-- [ RunTime:0.001729s ]
NOTIC: [2] curl_setopt() [<a href='function.curl-setopt'>function.curl-setopt</a>]: You must pass either an object or an array with the CURLOPT_HTTPHEADER, CURLOPT_QUOTE, CURLOPT_HTTP200ALIASES and CURLOPT_POSTQUOTE arguments E:\xampp\htdocs\jhms\Application\Home\Common\function.php 第 201 行.
NOTIC: [8] iconv() [<a href='function.iconv'>function.iconv</a>]: Detected an illegal character in input string E:\xampp\htdocs\jhms\Application\Home\Common\function.php 第 207 行.
NOTIC: [8] Trying to get property of non-object E:\xampp\htdocs\jhms\Application\Home\Controller\IndexController.class.php 第 226 行.
INFO: [ app_end ] --START--
INFO: Run Behavior\ShowPageTraceBehavior [ RunTime:0.001788s ]
INFO: [ app_end ] --END-- [ RunTime:0.001962s ]

[ 2016-05-24T14:57:49+08:00 ] 127.0.0.1 /jhms/home/index/gginfo
INFO: [ app_init ] --START--
INFO: Run Behavior\BuildLiteBehavior [ RunTime:0.000068s ]
INFO: [ app_init ] --END-- [ RunTime:0.001625s ]
INFO: [ app_begin ] --START--
INFO: Run Behavior\ReadHtmlCacheBehavior [ RunTime:0.002070s ]
INFO: [ app_begin ] --END-- [ RunTime:0.002321s ]
NOTIC: [2] curl_setopt() [<a href='function.curl-setopt'>function.curl-setopt</a>]: You must pass either an object or an array with the CURLOPT_HTTPHEADER, CURLOPT_QUOTE, CURLOPT_HTTP200ALIASES and CURLOPT_POSTQUOTE arguments E:\xampp\htdocs\jhms\Application\Home\Common\function.php 第 201 行.
NOTIC: [8] iconv() [<a href='function.iconv'>function.iconv</a>]: Detected an illegal character in input string E:\xampp\htdocs\jhms\Application\Home\Common\function.php 第 207 行.
NOTIC: [8] Trying to get property of non-object E:\xampp\htdocs\jhms\Application\Home\Controller\IndexController.class.php 第 226 行.
INFO: [ app_end ] --START--
INFO: Run Behavior\ShowPageTraceBehavior [ RunTime:0.001597s ]
INFO: [ app_end ] --END-- [ RunTime:0.001770s ]

[ 2016-05-24T14:57:52+08:00 ] 127.0.0.1 /jhms/home/index/gginfo
INFO: [ app_init ] --START--
INFO: Run Behavior\BuildLiteBehavior [ RunTime:0.000036s ]
INFO: [ app_init ] --END-- [ RunTime:0.001053s ]
INFO: [ app_begin ] --START--
INFO: Run Behavior\ReadHtmlCacheBehavior [ RunTime:0.002137s ]
INFO: [ app_begin ] --END-- [ RunTime:0.002356s ]
NOTIC: [2] curl_setopt() [<a href='function.curl-setopt'>function.curl-setopt</a>]: You must pass either an object or an array with the CURLOPT_HTTPHEADER, CURLOPT_QUOTE, CURLOPT_HTTP200ALIASES and CURLOPT_POSTQUOTE arguments E:\xampp\htdocs\jhms\Application\Home\Common\function.php 第 201 行.
NOTIC: [8] Trying to get property of non-object E:\xampp\htdocs\jhms\Application\Home\Controller\IndexController.class.php 第 226 行.
INFO: [ app_end ] --START--
INFO: Run Behavior\ShowPageTraceBehavior [ RunTime:0.001616s ]
INFO: [ app_end ] --END-- [ RunTime:0.001817s ]

[ 2016-05-24T14:58:00+08:00 ] 127.0.0.1 /jhms/home/index/gginfo
INFO: [ app_init ] --START--
INFO: Run Behavior\BuildLiteBehavior [ RunTime:0.000080s ]
INFO: [ app_init ] --END-- [ RunTime:0.003581s ]
INFO: [ app_begin ] --START--
INFO: Run Behavior\ReadHtmlCacheBehavior [ RunTime:0.002968s ]
INFO: [ app_begin ] --END-- [ RunTime:0.003231s ]
NOTIC: [2] curl_setopt() [<a href='function.curl-setopt'>function.curl-setopt</a>]: You must pass either an object or an array with the CURLOPT_HTTPHEADER, CURLOPT_QUOTE, CURLOPT_HTTP200ALIASES and CURLOPT_POSTQUOTE arguments E:\xampp\htdocs\jhms\Application\Home\Common\function.php 第 201 行.
NOTIC: [8] Trying to get property of non-object E:\xampp\htdocs\jhms\Application\Home\Controller\IndexController.class.php 第 226 行.
INFO: [ app_end ] --START--
INFO: Run Behavior\ShowPageTraceBehavior [ RunTime:0.002824s ]
INFO: [ app_end ] --END-- [ RunTime:0.003048s ]

[ 2016-05-24T14:58:32+08:00 ] 127.0.0.1 /jhms/home/index/gginfo
INFO: [ app_init ] --START--
INFO: Run Behavior\BuildLiteBehavior [ RunTime:0.000036s ]
INFO: [ app_init ] --END-- [ RunTime:0.000936s ]
INFO: [ app_begin ] --START--
INFO: Run Behavior\ReadHtmlCacheBehavior [ RunTime:0.001286s ]
INFO: [ app_begin ] --END-- [ RunTime:0.001462s ]
NOTIC: [2] curl_setopt() [<a href='function.curl-setopt'>function.curl-setopt</a>]: You must pass either an object or an array with the CURLOPT_HTTPHEADER, CURLOPT_QUOTE, CURLOPT_HTTP200ALIASES and CURLOPT_POSTQUOTE arguments E:\xampp\htdocs\jhms\Application\Home\Common\function.php 第 201 行.
NOTIC: [8] Trying to get property of non-object E:\xampp\htdocs\jhms\Application\Home\Controller\IndexController.class.php 第 226 行.
INFO: [ app_end ] --START--
INFO: Run Behavior\ShowPageTraceBehavior [ RunTime:0.001669s ]
INFO: [ app_end ] --END-- [ RunTime:0.001908s ]

[ 2016-05-24T14:58:34+08:00 ] 127.0.0.1 /jhms/home/index/gginfo
INFO: [ app_init ] --START--
INFO: Run Behavior\BuildLiteBehavior [ RunTime:0.000037s ]
INFO: [ app_init ] --END-- [ RunTime:0.000960s ]
INFO: [ app_begin ] --START--
INFO: Run Behavior\ReadHtmlCacheBehavior [ RunTime:0.001618s ]
INFO: [ app_begin ] --END-- [ RunTime:0.001832s ]
NOTIC: [2] curl_setopt() [<a href='function.curl-setopt'>function.curl-setopt</a>]: You must pass either an object or an array with the CURLOPT_HTTPHEADER, CURLOPT_QUOTE, CURLOPT_HTTP200ALIASES and CURLOPT_POSTQUOTE arguments E:\xampp\htdocs\jhms\Application\Home\Common\function.php 第 201 行.
NOTIC: [8] iconv() [<a href='function.iconv'>function.iconv</a>]: Detected an illegal character in input string E:\xampp\htdocs\jhms\Application\Home\Common\function.php 第 207 行.
NOTIC: [8] Trying to get property of non-object E:\xampp\htdocs\jhms\Application\Home\Controller\IndexController.class.php 第 226 行.
INFO: [ app_end ] --START--
INFO: Run Behavior\ShowPageTraceBehavior [ RunTime:0.003605s ]
INFO: [ app_end ] --END-- [ RunTime:0.003936s ]

[ 2016-05-24T14:58:50+08:00 ] 127.0.0.1 /jhms/home/index/gginfo
INFO: [ app_init ] --START--
INFO: Run Behavior\BuildLiteBehavior [ RunTime:0.000046s ]
INFO: [ app_init ] --END-- [ RunTime:0.001069s ]
INFO: [ app_begin ] --START--
INFO: Run Behavior\ReadHtmlCacheBehavior [ RunTime:0.001808s ]
INFO: [ app_begin ] --END-- [ RunTime:0.001990s ]
NOTIC: [2] curl_setopt() [<a href='function.curl-setopt'>function.curl-setopt</a>]: You must pass either an object or an array with the CURLOPT_HTTPHEADER, CURLOPT_QUOTE, CURLOPT_HTTP200ALIASES and CURLOPT_POSTQUOTE arguments E:\xampp\htdocs\jhms\Application\Home\Common\function.php 第 201 行.
NOTIC: [8] iconv() [<a href='function.iconv'>function.iconv</a>]: Detected an illegal character in input string E:\xampp\htdocs\jhms\Application\Home\Common\function.php 第 207 行.
NOTIC: [8] Trying to get property of non-object E:\xampp\htdocs\jhms\Application\Home\Controller\IndexController.class.php 第 226 行.
INFO: [ app_end ] --START--
INFO: Run Behavior\ShowPageTraceBehavior [ RunTime:0.003224s ]
INFO: [ app_end ] --END-- [ RunTime:0.003581s ]

[ 2016-05-24T14:58:53+08:00 ] 127.0.0.1 /jhms/home/index/gginfo
INFO: [ app_init ] --START--
INFO: Run Behavior\BuildLiteBehavior [ RunTime:0.000052s ]
INFO: [ app_init ] --END-- [ RunTime:0.001313s ]
INFO: [ app_begin ] --START--
INFO: Run Behavior\ReadHtmlCacheBehavior [ RunTime:0.002405s ]
INFO: [ app_begin ] --END-- [ RunTime:0.002653s ]
NOTIC: [2] curl_setopt() [<a href='function.curl-setopt'>function.curl-setopt</a>]: You must pass either an object or an array with the CURLOPT_HTTPHEADER, CURLOPT_QUOTE, CURLOPT_HTTP200ALIASES and CURLOPT_POSTQUOTE arguments E:\xampp\htdocs\jhms\Application\Home\Common\function.php 第 201 行.
INFO: [ app_end ] --START--
INFO: Run Behavior\ShowPageTraceBehavior [ RunTime:0.001713s ]
INFO: [ app_end ] --END-- [ RunTime:0.001923s ]

[ 2016-05-24T14:59:16+08:00 ] 127.0.0.1 /jhms/home/index/gginfo
INFO: [ app_init ] --START--
INFO: Run Behavior\BuildLiteBehavior [ RunTime:0.000044s ]
INFO: [ app_init ] --END-- [ RunTime:0.001196s ]
INFO: [ app_begin ] --START--
INFO: Run Behavior\ReadHtmlCacheBehavior [ RunTime:0.001421s ]
INFO: [ app_begin ] --END-- [ RunTime:0.001626s ]
NOTIC: [2] curl_setopt() [<a href='function.curl-setopt'>function.curl-setopt</a>]: You must pass either an object or an array with the CURLOPT_HTTPHEADER, CURLOPT_QUOTE, CURLOPT_HTTP200ALIASES and CURLOPT_POSTQUOTE arguments E:\xampp\htdocs\jhms\Application\Home\Common\function.php 第 201 行.
NOTIC: [8] iconv() [<a href='function.iconv'>function.iconv</a>]: Detected an illegal character in input string E:\xampp\htdocs\jhms\Application\Home\Common\function.php 第 207 行.
NOTIC: [8] Trying to get property of non-object E:\xampp\htdocs\jhms\Application\Home\Controller\IndexController.class.php 第 226 行.
NOTIC: [8] Trying to get property of non-object E:\xampp\htdocs\jhms\Application\Home\Controller\IndexController.class.php 第 227 行.
INFO: [ app_end ] --START--
INFO: Run Behavior\ShowPageTraceBehavior [ RunTime:0.002827s ]
INFO: [ app_end ] --END-- [ RunTime:0.003122s ]

[ 2016-05-24T14:59:18+08:00 ] 127.0.0.1 /jhms/home/index/gginfo
INFO: [ app_init ] --START--
INFO: Run Behavior\BuildLiteBehavior [ RunTime:0.000037s ]
INFO: [ app_init ] --END-- [ RunTime:0.000985s ]
INFO: [ app_begin ] --START--
INFO: Run Behavior\ReadHtmlCacheBehavior [ RunTime:0.001533s ]
INFO: [ app_begin ] --END-- [ RunTime:0.001735s ]
NOTIC: [2] curl_setopt() [<a href='function.curl-setopt'>function.curl-setopt</a>]: You must pass either an object or an array with the CURLOPT_HTTPHEADER, CURLOPT_QUOTE, CURLOPT_HTTP200ALIASES and CURLOPT_POSTQUOTE arguments E:\xampp\htdocs\jhms\Application\Home\Common\function.php 第 201 行.
INFO: [ app_end ] --START--
INFO: Run Behavior\ShowPageTraceBehavior [ RunTime:0.001465s ]
INFO: [ app_end ] --END-- [ RunTime:0.001666s ]

[ 2016-05-24T14:59:31+08:00 ] 127.0.0.1 /jhms/home/index/gginfo
INFO: [ app_init ] --START--
INFO: Run Behavior\BuildLiteBehavior [ RunTime:0.000038s ]
INFO: [ app_init ] --END-- [ RunTime:0.001279s ]
INFO: [ app_begin ] --START--
INFO: Run Behavior\ReadHtmlCacheBehavior [ RunTime:0.001383s ]
INFO: [ app_begin ] --END-- [ RunTime:0.001563s ]
NOTIC: [2] curl_setopt() [<a href='function.curl-setopt'>function.curl-setopt</a>]: You must pass either an object or an array with the CURLOPT_HTTPHEADER, CURLOPT_QUOTE, CURLOPT_HTTP200ALIASES and CURLOPT_POSTQUOTE arguments E:\xampp\htdocs\jhms\Application\Home\Common\function.php 第 201 行.
NOTIC: [8] iconv() [<a href='function.iconv'>function.iconv</a>]: Detected an illegal character in input string E:\xampp\htdocs\jhms\Application\Home\Common\function.php 第 207 行.
NOTIC: [8] Trying to get property of non-object E:\xampp\htdocs\jhms\Application\Home\Controller\IndexController.class.php 第 226 行.
INFO: [ app_end ] --START--
INFO: Run Behavior\ShowPageTraceBehavior [ RunTime:0.001587s ]
INFO: [ app_end ] --END-- [ RunTime:0.001766s ]

[ 2016-05-24T14:59:36+08:00 ] 127.0.0.1 /jhms/home/index/gginfo
INFO: [ app_init ] --START--
INFO: Run Behavior\BuildLiteBehavior [ RunTime:0.000037s ]
INFO: [ app_init ] --END-- [ RunTime:0.000959s ]
INFO: [ app_begin ] --START--
INFO: Run Behavior\ReadHtmlCacheBehavior [ RunTime:0.001623s ]
INFO: [ app_begin ] --END-- [ RunTime:0.001808s ]
NOTIC: [2] curl_setopt() [<a href='function.curl-setopt'>function.curl-setopt</a>]: You must pass either an object or an array with the CURLOPT_HTTPHEADER, CURLOPT_QUOTE, CURLOPT_HTTP200ALIASES and CURLOPT_POSTQUOTE arguments E:\xampp\htdocs\jhms\Application\Home\Common\function.php 第 201 行.
NOTIC: [8] iconv() [<a href='function.iconv'>function.iconv</a>]: Detected an illegal character in input string E:\xampp\htdocs\jhms\Application\Home\Common\function.php 第 207 行.
NOTIC: [8] Trying to get property of non-object E:\xampp\htdocs\jhms\Application\Home\Controller\IndexController.class.php 第 226 行.
INFO: [ app_end ] --START--
INFO: Run Behavior\ShowPageTraceBehavior [ RunTime:0.001432s ]
INFO: [ app_end ] --END-- [ RunTime:0.001584s ]

[ 2016-05-24T14:59:39+08:00 ] 127.0.0.1 /jhms/home/index/gginfo
INFO: [ app_init ] --START--
INFO: Run Behavior\BuildLiteBehavior [ RunTime:0.000041s ]
INFO: [ app_init ] --END-- [ RunTime:0.001074s ]
INFO: [ app_begin ] --START--
INFO: Run Behavior\ReadHtmlCacheBehavior [ RunTime:0.001665s ]
INFO: [ app_begin ] --END-- [ RunTime:0.002053s ]
NOTIC: [2] curl_setopt() [<a href='function.curl-setopt'>function.curl-setopt</a>]: You must pass either an object or an array with the CURLOPT_HTTPHEADER, CURLOPT_QUOTE, CURLOPT_HTTP200ALIASES and CURLOPT_POSTQUOTE arguments E:\xampp\htdocs\jhms\Application\Home\Common\function.php 第 201 行.
NOTIC: [8] iconv() [<a href='function.iconv'>function.iconv</a>]: Detected an illegal character in input string E:\xampp\htdocs\jhms\Application\Home\Common\function.php 第 207 行.
NOTIC: [8] Trying to get property of non-object E:\xampp\htdocs\jhms\Application\Home\Controller\IndexController.class.php 第 226 行.
INFO: [ app_end ] --START--
INFO: Run Behavior\ShowPageTraceBehavior [ RunTime:0.003636s ]
INFO: [ app_end ] --END-- [ RunTime:0.003967s ]

[ 2016-05-24T14:59:40+08:00 ] 127.0.0.1 /jhms/home/index/gginfo
INFO: [ app_init ] --START--
INFO: Run Behavior\BuildLiteBehavior [ RunTime:0.000038s ]
INFO: [ app_init ] --END-- [ RunTime:0.001140s ]
INFO: [ app_begin ] --START--
INFO: Run Behavior\ReadHtmlCacheBehavior [ RunTime:0.001574s ]
INFO: [ app_begin ] --END-- [ RunTime:0.001800s ]
NOTIC: [2] curl_setopt() [<a href='function.curl-setopt'>function.curl-setopt</a>]: You must pass either an object or an array with the CURLOPT_HTTPHEADER, CURLOPT_QUOTE, CURLOPT_HTTP200ALIASES and CURLOPT_POSTQUOTE arguments E:\xampp\htdocs\jhms\Application\Home\Common\function.php 第 201 行.
NOTIC: [8] Trying to get property of non-object E:\xampp\htdocs\jhms\Application\Home\Controller\IndexController.class.php 第 226 行.
INFO: [ app_end ] --START--
INFO: Run Behavior\ShowPageTraceBehavior [ RunTime:0.002153s ]
INFO: [ app_end ] --END-- [ RunTime:0.002363s ]

[ 2016-05-24T14:59:48+08:00 ] 127.0.0.1 /jhms/home/index/gginfo
INFO: [ app_init ] --START--
INFO: Run Behavior\BuildLiteBehavior [ RunTime:0.000039s ]
INFO: [ app_init ] --END-- [ RunTime:0.000967s ]
INFO: [ app_begin ] --START--
INFO: Run Behavior\ReadHtmlCacheBehavior [ RunTime:0.001431s ]
INFO: [ app_begin ] --END-- [ RunTime:0.001639s ]
NOTIC: [2] curl_setopt() [<a href='function.curl-setopt'>function.curl-setopt</a>]: You must pass either an object or an array with the CURLOPT_HTTPHEADER, CURLOPT_QUOTE, CURLOPT_HTTP200ALIASES and CURLOPT_POSTQUOTE arguments E:\xampp\htdocs\jhms\Application\Home\Common\function.php 第 201 行.
INFO: [ app_end ] --START--
INFO: Run Behavior\ShowPageTraceBehavior [ RunTime:0.001679s ]
INFO: [ app_end ] --END-- [ RunTime:0.001928s ]

[ 2016-05-24T14:59:57+08:00 ] 127.0.0.1 /jhms/home/index/gginfo
INFO: [ app_init ] --START--
INFO: Run Behavior\BuildLiteBehavior [ RunTime:0.000048s ]
INFO: [ app_init ] --END-- [ RunTime:0.002213s ]
INFO: [ app_begin ] --START--
INFO: Run Behavior\ReadHtmlCacheBehavior [ RunTime:0.001770s ]
INFO: [ app_begin ] --END-- [ RunTime:0.001988s ]
NOTIC: [2] curl_setopt() [<a href='function.curl-setopt'>function.curl-setopt</a>]: You must pass either an object or an array with the CURLOPT_HTTPHEADER, CURLOPT_QUOTE, CURLOPT_HTTP200ALIASES and CURLOPT_POSTQUOTE arguments E:\xampp\htdocs\jhms\Application\Home\Common\function.php 第 201 行.
INFO: [ app_end ] --START--
INFO: Run Behavior\ShowPageTraceBehavior [ RunTime:0.003048s ]
INFO: [ app_end ] --END-- [ RunTime:0.003293s ]

[ 2016-05-24T14:59:59+08:00 ] 127.0.0.1 /jhms/home/index/gginfo
INFO: [ app_init ] --START--
INFO: Run Behavior\BuildLiteBehavior [ RunTime:0.000037s ]
INFO: [ app_init ] --END-- [ RunTime:0.000965s ]
INFO: [ app_begin ] --START--
INFO: Run Behavior\ReadHtmlCacheBehavior [ RunTime:0.001423s ]
INFO: [ app_begin ] --END-- [ RunTime:0.001642s ]
NOTIC: [2] curl_setopt() [<a href='function.curl-setopt'>function.curl-setopt</a>]: You must pass either an object or an array with the CURLOPT_HTTPHEADER, CURLOPT_QUOTE, CURLOPT_HTTP200ALIASES and CURLOPT_POSTQUOTE arguments E:\xampp\htdocs\jhms\Application\Home\Common\function.php 第 201 行.
INFO: [ app_end ] --START--
INFO: Run Behavior\ShowPageTraceBehavior [ RunTime:0.001605s ]
INFO: [ app_end ] --END-- [ RunTime:0.001819s ]

[ 2016-05-24T15:00:05+08:00 ] 127.0.0.1 /jhms/home/index/gginfo
INFO: [ app_init ] --START--
INFO: Run Behavior\BuildLiteBehavior [ RunTime:0.000041s ]
INFO: [ app_init ] --END-- [ RunTime:0.001031s ]
INFO: [ app_begin ] --START--
INFO: Run Behavior\ReadHtmlCacheBehavior [ RunTime:0.001340s ]
INFO: [ app_begin ] --END-- [ RunTime:0.001556s ]
NOTIC: [2] curl_setopt() [<a href='function.curl-setopt'>function.curl-setopt</a>]: You must pass either an object or an array with the CURLOPT_HTTPHEADER, CURLOPT_QUOTE, CURLOPT_HTTP200ALIASES and CURLOPT_POSTQUOTE arguments E:\xampp\htdocs\jhms\Application\Home\Common\function.php 第 201 行.
NOTIC: [8] iconv() [<a href='function.iconv'>function.iconv</a>]: Detected an illegal character in input string E:\xampp\htdocs\jhms\Application\Home\Common\function.php 第 207 行.
NOTIC: [8] Trying to get property of non-object E:\xampp\htdocs\jhms\Application\Home\Controller\IndexController.class.php 第 226 行.
INFO: [ app_end ] --START--
INFO: Run Behavior\ShowPageTraceBehavior [ RunTime:0.003326s ]
INFO: [ app_end ] --END-- [ RunTime:0.003680s ]

[ 2016-05-24T15:00:07+08:00 ] 127.0.0.1 /jhms/home/index/gginfo
INFO: [ app_init ] --START--
INFO: Run Behavior\BuildLiteBehavior [ RunTime:0.000042s ]
INFO: [ app_init ] --END-- [ RunTime:0.001278s ]
INFO: [ app_begin ] --START--
INFO: Run Behavior\ReadHtmlCacheBehavior [ RunTime:0.001273s ]
INFO: [ app_begin ] --END-- [ RunTime:0.001449s ]
NOTIC: [2] curl_setopt() [<a href='function.curl-setopt'>function.curl-setopt</a>]: You must pass either an object or an array with the CURLOPT_HTTPHEADER, CURLOPT_QUOTE, CURLOPT_HTTP200ALIASES and CURLOPT_POSTQUOTE arguments E:\xampp\htdocs\jhms\Application\Home\Common\function.php 第 201 行.
INFO: [ app_end ] --START--
INFO: Run Behavior\ShowPageTraceBehavior [ RunTime:0.001720s ]
INFO: [ app_end ] --END-- [ RunTime:0.001949s ]

[ 2016-05-24T15:00:09+08:00 ] 127.0.0.1 /jhms/home/index/gginfo
INFO: [ app_init ] --START--
INFO: Run Behavior\BuildLiteBehavior [ RunTime:0.000038s ]
INFO: [ app_init ] --END-- [ RunTime:0.000976s ]
INFO: [ app_begin ] --START--
INFO: Run Behavior\ReadHtmlCacheBehavior [ RunTime:0.001504s ]
INFO: [ app_begin ] --END-- [ RunTime:0.001689s ]
NOTIC: [2] curl_setopt() [<a href='function.curl-setopt'>function.curl-setopt</a>]: You must pass either an object or an array with the CURLOPT_HTTPHEADER, CURLOPT_QUOTE, CURLOPT_HTTP200ALIASES and CURLOPT_POSTQUOTE arguments E:\xampp\htdocs\jhms\Application\Home\Common\function.php 第 201 行.
INFO: [ app_end ] --START--
INFO: Run Behavior\ShowPageTraceBehavior [ RunTime:0.002164s ]
INFO: [ app_end ] --END-- [ RunTime:0.002659s ]

[ 2016-05-24T15:02:10+08:00 ] 127.0.0.1 /jhms/home/index/gginfo
INFO: [ app_init ] --START--
INFO: Run Behavior\BuildLiteBehavior [ RunTime:0.000038s ]
INFO: [ app_init ] --END-- [ RunTime:0.001202s ]
INFO: [ app_begin ] --START--
INFO: Run Behavior\ReadHtmlCacheBehavior [ RunTime:0.001563s ]
INFO: [ app_begin ] --END-- [ RunTime:0.001747s ]
NOTIC: [2] curl_setopt() [<a href='function.curl-setopt'>function.curl-setopt</a>]: You must pass either an object or an array with the CURLOPT_HTTPHEADER, CURLOPT_QUOTE, CURLOPT_HTTP200ALIASES and CURLOPT_POSTQUOTE arguments E:\xampp\htdocs\jhms\Application\Home\Common\function.php 第 201 行.

[ 2016-05-24T15:02:11+08:00 ] 127.0.0.1 /jhms/home/index/gginfo
INFO: [ app_init ] --START--
INFO: Run Behavior\BuildLiteBehavior [ RunTime:0.000039s ]
INFO: [ app_init ] --END-- [ RunTime:0.001032s ]
INFO: [ app_begin ] --START--
INFO: Run Behavior\ReadHtmlCacheBehavior [ RunTime:0.001460s ]
INFO: [ app_begin ] --END-- [ RunTime:0.001643s ]
NOTIC: [2] curl_setopt() [<a href='function.curl-setopt'>function.curl-setopt</a>]: You must pass either an object or an array with the CURLOPT_HTTPHEADER, CURLOPT_QUOTE, CURLOPT_HTTP200ALIASES and CURLOPT_POSTQUOTE arguments E:\xampp\htdocs\jhms\Application\Home\Common\function.php 第 201 行.
NOTIC: [8] iconv() [<a href='function.iconv'>function.iconv</a>]: Detected an illegal character in input string E:\xampp\htdocs\jhms\Application\Home\Common\function.php 第 207 行.
NOTIC: [8] Trying to get property of non-object E:\xampp\htdocs\jhms\Application\Home\Controller\IndexController.class.php 第 226 行.
INFO: [ app_end ] --START--
INFO: Run Behavior\ShowPageTraceBehavior [ RunTime:0.001598s ]
INFO: [ app_end ] --END-- [ RunTime:0.001751s ]

[ 2016-05-24T15:02:14+08:00 ] 127.0.0.1 /jhms/home/index/gginfo
INFO: [ app_init ] --START--
INFO: Run Behavior\BuildLiteBehavior [ RunTime:0.000094s ]
INFO: [ app_init ] --END-- [ RunTime:0.002381s ]
INFO: [ app_begin ] --START--
INFO: Run Behavior\ReadHtmlCacheBehavior [ RunTime:0.003115s ]
INFO: [ app_begin ] --END-- [ RunTime:0.003584s ]
NOTIC: [2] curl_setopt() [<a href='function.curl-setopt'>function.curl-setopt</a>]: You must pass either an object or an array with the CURLOPT_HTTPHEADER, CURLOPT_QUOTE, CURLOPT_HTTP200ALIASES and CURLOPT_POSTQUOTE arguments E:\xampp\htdocs\jhms\Application\Home\Common\function.php 第 201 行.
NOTIC: [8] iconv() [<a href='function.iconv'>function.iconv</a>]: Detected an illegal character in input string E:\xampp\htdocs\jhms\Application\Home\Common\function.php 第 207 行.
NOTIC: [8] Trying to get property of non-object E:\xampp\htdocs\jhms\Application\Home\Controller\IndexController.class.php 第 226 行.
INFO: [ app_end ] --START--
INFO: Run Behavior\ShowPageTraceBehavior [ RunTime:0.001714s ]
INFO: [ app_end ] --END-- [ RunTime:0.001876s ]

[ 2016-05-24T15:02:15+08:00 ] 127.0.0.1 /jhms/home/index/gginfo
INFO: [ app_init ] --START--
INFO: Run Behavior\BuildLiteBehavior [ RunTime:0.000037s ]
INFO: [ app_init ] --END-- [ RunTime:0.000987s ]
INFO: [ app_begin ] --START--
INFO: Run Behavior\ReadHtmlCacheBehavior [ RunTime:0.001311s ]
INFO: [ app_begin ] --END-- [ RunTime:0.001480s ]
NOTIC: [2] curl_setopt() [<a href='function.curl-setopt'>function.curl-setopt</a>]: You must pass either an object or an array with the CURLOPT_HTTPHEADER, CURLOPT_QUOTE, CURLOPT_HTTP200ALIASES and CURLOPT_POSTQUOTE arguments E:\xampp\htdocs\jhms\Application\Home\Common\function.php 第 201 行.
NOTIC: [8] iconv() [<a href='function.iconv'>function.iconv</a>]: Detected an illegal character in input string E:\xampp\htdocs\jhms\Application\Home\Common\function.php 第 207 行.
NOTIC: [8] Trying to get property of non-object E:\xampp\htdocs\jhms\Application\Home\Controller\IndexController.class.php 第 226 行.
INFO: [ app_end ] --START--
INFO: Run Behavior\ShowPageTraceBehavior [ RunTime:0.001382s ]
INFO: [ app_end ] --END-- [ RunTime:0.001535s ]

[ 2016-05-24T15:02:20+08:00 ] 127.0.0.1 /jhms/home/index/gginfo
INFO: [ app_init ] --START--
INFO: Run Behavior\BuildLiteBehavior [ RunTime:0.000036s ]
INFO: [ app_init ] --END-- [ RunTime:0.000953s ]
INFO: [ app_begin ] --START--
INFO: Run Behavior\ReadHtmlCacheBehavior [ RunTime:0.001365s ]
INFO: [ app_begin ] --END-- [ RunTime:0.001555s ]
NOTIC: [2] curl_setopt() [<a href='function.curl-setopt'>function.curl-setopt</a>]: You must pass either an object or an array with the CURLOPT_HTTPHEADER, CURLOPT_QUOTE, CURLOPT_HTTP200ALIASES and CURLOPT_POSTQUOTE arguments E:\xampp\htdocs\jhms\Application\Home\Common\function.php 第 201 行.
NOTIC: [8] iconv() [<a href='function.iconv'>function.iconv</a>]: Detected an illegal character in input string E:\xampp\htdocs\jhms\Application\Home\Common\function.php 第 207 行.
NOTIC: [8] Trying to get property of non-object E:\xampp\htdocs\jhms\Application\Home\Controller\IndexController.class.php 第 226 行.
INFO: [ app_end ] --START--
INFO: Run Behavior\ShowPageTraceBehavior [ RunTime:0.001377s ]
INFO: [ app_end ] --END-- [ RunTime:0.001527s ]

[ 2016-05-24T15:02:22+08:00 ] 127.0.0.1 /jhms/home/index/gginfo
INFO: [ app_init ] --START--
INFO: Run Behavior\BuildLiteBehavior [ RunTime:0.000041s ]
INFO: [ app_init ] --END-- [ RunTime:0.001078s ]
INFO: [ app_begin ] --START--
INFO: Run Behavior\ReadHtmlCacheBehavior [ RunTime:0.001749s ]
INFO: [ app_begin ] --END-- [ RunTime:0.001948s ]
NOTIC: [2] curl_setopt() [<a href='function.curl-setopt'>function.curl-setopt</a>]: You must pass either an object or an array with the CURLOPT_HTTPHEADER, CURLOPT_QUOTE, CURLOPT_HTTP200ALIASES and CURLOPT_POSTQUOTE arguments E:\xampp\htdocs\jhms\Application\Home\Common\function.php 第 201 行.
INFO: [ app_end ] --START--
INFO: Run Behavior\ShowPageTraceBehavior [ RunTime:0.001463s ]
INFO: [ app_end ] --END-- [ RunTime:0.001660s ]

[ 2016-05-24T15:03:15+08:00 ] 127.0.0.1 /jhms/home/index/gginfo
INFO: [ app_init ] --START--
INFO: Run Behavior\BuildLiteBehavior [ RunTime:0.000036s ]
INFO: [ app_init ] --END-- [ RunTime:0.001082s ]
INFO: [ app_begin ] --START--
INFO: Run Behavior\ReadHtmlCacheBehavior [ RunTime:0.002357s ]
INFO: [ app_begin ] --END-- [ RunTime:0.002553s ]
NOTIC: [2] curl_setopt() [<a href='function.curl-setopt'>function.curl-setopt</a>]: You must pass either an object or an array with the CURLOPT_HTTPHEADER, CURLOPT_QUOTE, CURLOPT_HTTP200ALIASES and CURLOPT_POSTQUOTE arguments E:\xampp\htdocs\jhms\Application\Home\Common\function.php 第 201 行.
INFO: [ app_end ] --START--
INFO: Run Behavior\ShowPageTraceBehavior [ RunTime:0.001955s ]
INFO: [ app_end ] --END-- [ RunTime:0.002186s ]

[ 2016-05-24T15:03:22+08:00 ] 127.0.0.1 /jhms/home/index/gginfo
INFO: [ app_init ] --START--
INFO: Run Behavior\BuildLiteBehavior [ RunTime:0.000044s ]
INFO: [ app_init ] --END-- [ RunTime:0.001150s ]
INFO: [ app_begin ] --START--
INFO: Run Behavior\ReadHtmlCacheBehavior [ RunTime:0.001511s ]
INFO: [ app_begin ] --END-- [ RunTime:0.001750s ]
NOTIC: [2] curl_setopt() [<a href='function.curl-setopt'>function.curl-setopt</a>]: You must pass either an object or an array with the CURLOPT_HTTPHEADER, CURLOPT_QUOTE, CURLOPT_HTTP200ALIASES and CURLOPT_POSTQUOTE arguments E:\xampp\htdocs\jhms\Application\Home\Common\function.php 第 201 行.
NOTIC: [8] iconv() [<a href='function.iconv'>function.iconv</a>]: Detected an illegal character in input string E:\xampp\htdocs\jhms\Application\Home\Common\function.php 第 207 行.
NOTIC: [8] Trying to get property of non-object E:\xampp\htdocs\jhms\Application\Home\Controller\IndexController.class.php 第 226 行.
INFO: [ app_end ] --START--
INFO: Run Behavior\ShowPageTraceBehavior [ RunTime:0.002955s ]
INFO: [ app_end ] --END-- [ RunTime:0.003584s ]

[ 2016-05-24T15:06:59+08:00 ] 127.0.0.1 /jhms/home/index/gginfo
INFO: [ app_init ] --START--
INFO: Run Behavior\BuildLiteBehavior [ RunTime:0.000045s ]
INFO: [ app_init ] --END-- [ RunTime:0.001291s ]
INFO: [ app_begin ] --START--
INFO: Run Behavior\ReadHtmlCacheBehavior [ RunTime:0.001647s ]
INFO: [ app_begin ] --END-- [ RunTime:0.001863s ]
NOTIC: [2] curl_setopt() [<a href='function.curl-setopt'>function.curl-setopt</a>]: You must pass either an object or an array with the CURLOPT_HTTPHEADER, CURLOPT_QUOTE, CURLOPT_HTTP200ALIASES and CURLOPT_POSTQUOTE arguments E:\xampp\htdocs\jhms\Application\Home\Common\function.php 第 201 行.
INFO: [ app_end ] --START--
INFO: Run Behavior\ShowPageTraceBehavior [ RunTime:0.001697s ]
INFO: [ app_end ] --END-- [ RunTime:0.001895s ]

[ 2016-05-24T15:07:22+08:00 ] 127.0.0.1 /jhms/home/index/gginfo
INFO: [ app_init ] --START--
INFO: Run Behavior\BuildLiteBehavior [ RunTime:0.000043s ]
INFO: [ app_init ] --END-- [ RunTime:0.001190s ]
INFO: [ app_begin ] --START--
INFO: Run Behavior\ReadHtmlCacheBehavior [ RunTime:0.001690s ]
INFO: [ app_begin ] --END-- [ RunTime:0.001932s ]
NOTIC: [2] curl_setopt() [<a href='function.curl-setopt'>function.curl-setopt</a>]: You must pass either an object or an array with the CURLOPT_HTTPHEADER, CURLOPT_QUOTE, CURLOPT_HTTP200ALIASES and CURLOPT_POSTQUOTE arguments E:\xampp\htdocs\jhms\Application\Home\Common\function.php 第 201 行.
INFO: [ app_end ] --START--
INFO: Run Behavior\ShowPageTraceBehavior [ RunTime:0.001728s ]
INFO: [ app_end ] --END-- [ RunTime:0.001919s ]

[ 2016-05-24T15:09:00+08:00 ] 127.0.0.1 /jhms/home/index/gginfo
INFO: [ app_init ] --START--
INFO: Run Behavior\BuildLiteBehavior [ RunTime:0.000038s ]
INFO: [ app_init ] --END-- [ RunTime:0.001262s ]
INFO: [ app_begin ] --START--
INFO: Run Behavior\ReadHtmlCacheBehavior [ RunTime:0.001705s ]
INFO: [ app_begin ] --END-- [ RunTime:0.001926s ]
NOTIC: [2] curl_setopt() [<a href='function.curl-setopt'>function.curl-setopt</a>]: You must pass either an object or an array with the CURLOPT_HTTPHEADER, CURLOPT_QUOTE, CURLOPT_HTTP200ALIASES and CURLOPT_POSTQUOTE arguments E:\xampp\htdocs\jhms\Application\Home\Common\function.php 第 201 行.
NOTIC: [8] Trying to get property of non-object E:\xampp\htdocs\jhms\Application\Home\Controller\IndexController.class.php 第 227 行.
INFO: [ app_end ] --START--
INFO: Run Behavior\ShowPageTraceBehavior [ RunTime:0.001886s ]
INFO: [ app_end ] --END-- [ RunTime:0.002121s ]

[ 2016-05-24T15:09:09+08:00 ] 127.0.0.1 /jhms/home/index/gginfo
INFO: [ app_init ] --START--
INFO: Run Behavior\BuildLiteBehavior [ RunTime:0.000048s ]
INFO: [ app_init ] --END-- [ RunTime:0.001305s ]
INFO: [ app_begin ] --START--
INFO: Run Behavior\ReadHtmlCacheBehavior [ RunTime:0.001447s ]
INFO: [ app_begin ] --END-- [ RunTime:0.001667s ]
NOTIC: [2] curl_setopt() [<a href='function.curl-setopt'>function.curl-setopt</a>]: You must pass either an object or an array with the CURLOPT_HTTPHEADER, CURLOPT_QUOTE, CURLOPT_HTTP200ALIASES and CURLOPT_POSTQUOTE arguments E:\xampp\htdocs\jhms\Application\Home\Common\function.php 第 201 行.
INFO: [ app_end ] --START--
INFO: Run Behavior\ShowPageTraceBehavior [ RunTime:0.001802s ]
INFO: [ app_end ] --END-- [ RunTime:0.002034s ]

[ 2016-05-24T15:09:57+08:00 ] 127.0.0.1 /jhms/home/index/gginfo
INFO: [ app_init ] --START--
INFO: Run Behavior\BuildLiteBehavior [ RunTime:0.000039s ]
INFO: [ app_init ] --END-- [ RunTime:0.001131s ]
INFO: [ app_begin ] --START--
INFO: Run Behavior\ReadHtmlCacheBehavior [ RunTime:0.001556s ]
INFO: [ app_begin ] --END-- [ RunTime:0.001742s ]
NOTIC: [2] curl_setopt() [<a href='function.curl-setopt'>function.curl-setopt</a>]: You must pass either an object or an array with the CURLOPT_HTTPHEADER, CURLOPT_QUOTE, CURLOPT_HTTP200ALIASES and CURLOPT_POSTQUOTE arguments E:\xampp\htdocs\jhms\Application\Home\Common\function.php 第 201 行.
INFO: [ app_end ] --START--
INFO: Run Behavior\ShowPageTraceBehavior [ RunTime:0.001965s ]
INFO: [ app_end ] --END-- [ RunTime:0.002223s ]

[ 2016-05-24T15:11:15+08:00 ] 127.0.0.1 /jhms/home/index/gginfo
INFO: [ app_init ] --START--
INFO: Run Behavior\BuildLiteBehavior [ RunTime:0.000043s ]
INFO: [ app_init ] --END-- [ RunTime:0.001230s ]
INFO: [ app_begin ] --START--
INFO: Run Behavior\ReadHtmlCacheBehavior [ RunTime:0.001647s ]
INFO: [ app_begin ] --END-- [ RunTime:0.001864s ]
NOTIC: [2] curl_setopt() [<a href='function.curl-setopt'>function.curl-setopt</a>]: You must pass either an object or an array with the CURLOPT_HTTPHEADER, CURLOPT_QUOTE, CURLOPT_HTTP200ALIASES and CURLOPT_POSTQUOTE arguments E:\xampp\htdocs\jhms\Application\Home\Common\function.php 第 201 行.
INFO: [ app_end ] --START--
INFO: Run Behavior\ShowPageTraceBehavior [ RunTime:0.002387s ]
INFO: [ app_end ] --END-- [ RunTime:0.002653s ]

[ 2016-05-24T15:12:26+08:00 ] 127.0.0.1 /jhms/home/index/gginfo
INFO: [ app_init ] --START--
INFO: Run Behavior\BuildLiteBehavior [ RunTime:0.000038s ]
INFO: [ app_init ] --END-- [ RunTime:0.001455s ]
INFO: [ app_begin ] --START--
INFO: Run Behavior\ReadHtmlCacheBehavior [ RunTime:0.002172s ]
INFO: [ app_begin ] --END-- [ RunTime:0.002370s ]
NOTIC: [2] curl_setopt() [<a href='function.curl-setopt'>function.curl-setopt</a>]: You must pass either an object or an array with the CURLOPT_HTTPHEADER, CURLOPT_QUOTE, CURLOPT_HTTP200ALIASES and CURLOPT_POSTQUOTE arguments E:\xampp\htdocs\jhms\Application\Home\Common\function.php 第 201 行.
NOTIC: [8] Trying to get property of non-object E:\xampp\htdocs\jhms\Application\Home\Controller\IndexController.class.php 第 227 行.
INFO: [ app_end ] --START--
INFO: Run Behavior\ShowPageTraceBehavior [ RunTime:0.001881s ]
INFO: [ app_end ] --END-- [ RunTime:0.002101s ]

[ 2016-05-24T15:12:50+08:00 ] 127.0.0.1 /jhms/home/index/gginfo
INFO: [ app_init ] --START--
INFO: Run Behavior\BuildLiteBehavior [ RunTime:0.000060s ]
INFO: [ app_init ] --END-- [ RunTime:0.001514s ]
INFO: [ app_begin ] --START--
INFO: Run Behavior\ReadHtmlCacheBehavior [ RunTime:0.001575s ]
INFO: [ app_begin ] --END-- [ RunTime:0.001810s ]
NOTIC: [2] curl_setopt() [<a href='function.curl-setopt'>function.curl-setopt</a>]: You must pass either an object or an array with the CURLOPT_HTTPHEADER, CURLOPT_QUOTE, CURLOPT_HTTP200ALIASES and CURLOPT_POSTQUOTE arguments E:\xampp\htdocs\jhms\Application\Home\Common\function.php 第 201 行.
INFO: [ app_end ] --START--
INFO: Run Behavior\ShowPageTraceBehavior [ RunTime:0.001641s ]
INFO: [ app_end ] --END-- [ RunTime:0.001887s ]

[ 2016-05-24T15:13:04+08:00 ] 127.0.0.1 /jhms/home/index/gginfo
INFO: [ app_init ] --START--
INFO: Run Behavior\BuildLiteBehavior [ RunTime:0.000047s ]
INFO: [ app_init ] --END-- [ RunTime:0.001322s ]
INFO: [ app_begin ] --START--
INFO: Run Behavior\ReadHtmlCacheBehavior [ RunTime:0.001857s ]
INFO: [ app_begin ] --END-- [ RunTime:0.002091s ]
NOTIC: [2] curl_setopt() [<a href='function.curl-setopt'>function.curl-setopt</a>]: You must pass either an object or an array with the CURLOPT_HTTPHEADER, CURLOPT_QUOTE, CURLOPT_HTTP200ALIASES and CURLOPT_POSTQUOTE arguments E:\xampp\htdocs\jhms\Application\Home\Common\function.php 第 201 行.
INFO: [ app_end ] --START--
INFO: Run Behavior\ShowPageTraceBehavior [ RunTime:0.002335s ]
INFO: [ app_end ] --END-- [ RunTime:0.002523s ]

[ 2016-05-24T15:13:50+08:00 ] 127.0.0.1 /jhms/home/index/gginfo
INFO: [ app_init ] --START--
INFO: Run Behavior\BuildLiteBehavior [ RunTime:0.000043s ]
INFO: [ app_init ] --END-- [ RunTime:0.001104s ]
INFO: [ app_begin ] --START--
INFO: Run Behavior\ReadHtmlCacheBehavior [ RunTime:0.001457s ]
INFO: [ app_begin ] --END-- [ RunTime:0.001648s ]
NOTIC: [2] curl_setopt() [<a href='function.curl-setopt'>function.curl-setopt</a>]: You must pass either an object or an array with the CURLOPT_HTTPHEADER, CURLOPT_QUOTE, CURLOPT_HTTP200ALIASES and CURLOPT_POSTQUOTE arguments E:\xampp\htdocs\jhms\Application\Home\Common\function.php 第 201 行.
NOTIC: [8] Trying to get property of non-object E:\xampp\htdocs\jhms\Application\Home\Controller\IndexController.class.php 第 226 行.
INFO: [ app_end ] --START--
INFO: Run Behavior\ShowPageTraceBehavior [ RunTime:0.001932s ]
INFO: [ app_end ] --END-- [ RunTime:0.002178s ]

[ 2016-05-24T15:14:00+08:00 ] 127.0.0.1 /jhms/home/index/gginfo
INFO: [ app_init ] --START--
INFO: Run Behavior\BuildLiteBehavior [ RunTime:0.000038s ]
INFO: [ app_init ] --END-- [ RunTime:0.001098s ]
INFO: [ app_begin ] --START--
INFO: Run Behavior\ReadHtmlCacheBehavior [ RunTime:0.002109s ]
INFO: [ app_begin ] --END-- [ RunTime:0.002366s ]
NOTIC: [2] curl_setopt() [<a href='function.curl-setopt'>function.curl-setopt</a>]: You must pass either an object or an array with the CURLOPT_HTTPHEADER, CURLOPT_QUOTE, CURLOPT_HTTP200ALIASES and CURLOPT_POSTQUOTE arguments E:\xampp\htdocs\jhms\Application\Home\Common\function.php 第 201 行.
INFO: [ app_end ] --START--
INFO: Run Behavior\ShowPageTraceBehavior [ RunTime:0.002183s ]
INFO: [ app_end ] --END-- [ RunTime:0.002432s ]

[ 2016-05-24T15:14:23+08:00 ] 127.0.0.1 /jhms/home/index/gginfo
INFO: [ app_init ] --START--
INFO: Run Behavior\BuildLiteBehavior [ RunTime:0.000041s ]
INFO: [ app_init ] --END-- [ RunTime:0.001072s ]
INFO: [ app_begin ] --START--
INFO: Run Behavior\ReadHtmlCacheBehavior [ RunTime:0.002040s ]
INFO: [ app_begin ] --END-- [ RunTime:0.002265s ]
NOTIC: [2] curl_setopt() [<a href='function.curl-setopt'>function.curl-setopt</a>]: You must pass either an object or an array with the CURLOPT_HTTPHEADER, CURLOPT_QUOTE, CURLOPT_HTTP200ALIASES and CURLOPT_POSTQUOTE arguments E:\xampp\htdocs\jhms\Application\Home\Common\function.php 第 201 行.
INFO: [ app_end ] --START--
INFO: Run Behavior\ShowPageTraceBehavior [ RunTime:0.001648s ]
INFO: [ app_end ] --END-- [ RunTime:0.001890s ]

[ 2016-05-24T15:17:38+08:00 ] 127.0.0.1 /jhms/home/index/gginfo
INFO: [ app_init ] --START--
INFO: Run Behavior\BuildLiteBehavior [ RunTime:0.000037s ]
INFO: [ app_init ] --END-- [ RunTime:0.001035s ]
INFO: [ app_begin ] --START--
INFO: Run Behavior\ReadHtmlCacheBehavior [ RunTime:0.001708s ]
INFO: [ app_begin ] --END-- [ RunTime:0.001934s ]
NOTIC: [2] curl_setopt() [<a href='function.curl-setopt'>function.curl-setopt</a>]: You must pass either an object or an array with the CURLOPT_HTTPHEADER, CURLOPT_QUOTE, CURLOPT_HTTP200ALIASES and CURLOPT_POSTQUOTE arguments E:\xampp\htdocs\jhms\Application\Home\Common\function.php 第 201 行.

[ 2016-05-24T15:17:45+08:00 ] 127.0.0.1 /jhms/home/index/gginfo
INFO: [ app_init ] --START--
INFO: Run Behavior\BuildLiteBehavior [ RunTime:0.000036s ]
INFO: [ app_init ] --END-- [ RunTime:0.001047s ]
INFO: [ app_begin ] --START--
INFO: Run Behavior\ReadHtmlCacheBehavior [ RunTime:0.001492s ]
INFO: [ app_begin ] --END-- [ RunTime:0.001674s ]
NOTIC: [2] curl_setopt() [<a href='function.curl-setopt'>function.curl-setopt</a>]: You must pass either an object or an array with the CURLOPT_HTTPHEADER, CURLOPT_QUOTE, CURLOPT_HTTP200ALIASES and CURLOPT_POSTQUOTE arguments E:\xampp\htdocs\jhms\Application\Home\Common\function.php 第 201 行.
INFO: [ app_end ] --START--
INFO: Run Behavior\ShowPageTraceBehavior [ RunTime:0.001923s ]
INFO: [ app_end ] --END-- [ RunTime:0.002167s ]

[ 2016-05-24T15:18:28+08:00 ] 127.0.0.1 /jhms/home/index/gginfo
INFO: [ app_init ] --START--
INFO: Run Behavior\BuildLiteBehavior [ RunTime:0.000038s ]
INFO: [ app_init ] --END-- [ RunTime:0.001056s ]
INFO: [ app_begin ] --START--
INFO: Run Behavior\ReadHtmlCacheBehavior [ RunTime:0.001543s ]
INFO: [ app_begin ] --END-- [ RunTime:0.001722s ]
NOTIC: [2] curl_setopt() [<a href='function.curl-setopt'>function.curl-setopt</a>]: You must pass either an object or an array with the CURLOPT_HTTPHEADER, CURLOPT_QUOTE, CURLOPT_HTTP200ALIASES and CURLOPT_POSTQUOTE arguments E:\xampp\htdocs\jhms\Application\Home\Common\function.php 第 201 行.
INFO: [ app_end ] --START--
INFO: Run Behavior\ShowPageTraceBehavior [ RunTime:0.001913s ]
INFO: [ app_end ] --END-- [ RunTime:0.002146s ]

[ 2016-05-24T15:20:10+08:00 ] 127.0.0.1 /jhms/home/index/gginfo
INFO: [ app_init ] --START--
INFO: Run Behavior\BuildLiteBehavior [ RunTime:0.000037s ]
INFO: [ app_init ] --END-- [ RunTime:0.001071s ]
INFO: [ app_begin ] --START--
INFO: Run Behavior\ReadHtmlCacheBehavior [ RunTime:0.001938s ]
INFO: [ app_begin ] --END-- [ RunTime:0.002116s ]
NOTIC: [2] curl_setopt() [<a href='function.curl-setopt'>function.curl-setopt</a>]: You must pass either an object or an array with the CURLOPT_HTTPHEADER, CURLOPT_QUOTE, CURLOPT_HTTP200ALIASES and CURLOPT_POSTQUOTE arguments E:\xampp\htdocs\jhms\Application\Home\Common\function.php 第 201 行.
INFO: [ app_end ] --START--
INFO: Run Behavior\ShowPageTraceBehavior [ RunTime:0.001906s ]
INFO: [ app_end ] --END-- [ RunTime:0.002141s ]

[ 2016-05-24T15:20:36+08:00 ] 127.0.0.1 /jhms/home/index/gginfo
INFO: [ app_init ] --START--
INFO: Run Behavior\BuildLiteBehavior [ RunTime:0.000053s ]
INFO: [ app_init ] --END-- [ RunTime:0.001228s ]
INFO: [ app_begin ] --START--
INFO: Run Behavior\ReadHtmlCacheBehavior [ RunTime:0.004759s ]
INFO: [ app_begin ] --END-- [ RunTime:0.005009s ]
NOTIC: [2] curl_setopt() [<a href='function.curl-setopt'>function.curl-setopt</a>]: You must pass either an object or an array with the CURLOPT_HTTPHEADER, CURLOPT_QUOTE, CURLOPT_HTTP200ALIASES and CURLOPT_POSTQUOTE arguments E:\xampp\htdocs\jhms\Application\Home\Common\function.php 第 201 行.
INFO: [ app_end ] --START--
INFO: Run Behavior\ShowPageTraceBehavior [ RunTime:0.001637s ]
INFO: [ app_end ] --END-- [ RunTime:0.001826s ]

[ 2016-05-24T15:21:46+08:00 ] 127.0.0.1 /jhms/home/index/gginfo
INFO: [ app_init ] --START--
INFO: Run Behavior\BuildLiteBehavior [ RunTime:0.000036s ]
INFO: [ app_init ] --END-- [ RunTime:0.001132s ]
INFO: [ app_begin ] --START--
INFO: Run Behavior\ReadHtmlCacheBehavior [ RunTime:0.001284s ]
INFO: [ app_begin ] --END-- [ RunTime:0.001458s ]
NOTIC: [2] curl_setopt() [<a href='function.curl-setopt'>function.curl-setopt</a>]: You must pass either an object or an array with the CURLOPT_HTTPHEADER, CURLOPT_QUOTE, CURLOPT_HTTP200ALIASES and CURLOPT_POSTQUOTE arguments E:\xampp\htdocs\jhms\Application\Home\Common\function.php 第 201 行.
INFO: [ app_end ] --START--
INFO: Run Behavior\ShowPageTraceBehavior [ RunTime:0.001687s ]
INFO: [ app_end ] --END-- [ RunTime:0.001926s ]

[ 2016-05-24T15:22:40+08:00 ] 127.0.0.1 /jhms/home/index/gginfo
INFO: [ app_init ] --START--
INFO: Run Behavior\BuildLiteBehavior [ RunTime:0.000044s ]
INFO: [ app_init ] --END-- [ RunTime:0.001245s ]
INFO: [ app_begin ] --START--
INFO: Run Behavior\ReadHtmlCacheBehavior [ RunTime:0.001646s ]
INFO: [ app_begin ] --END-- [ RunTime:0.001922s ]
NOTIC: [2] curl_setopt() [<a href='function.curl-setopt'>function.curl-setopt</a>]: You must pass either an object or an array with the CURLOPT_HTTPHEADER, CURLOPT_QUOTE, CURLOPT_HTTP200ALIASES and CURLOPT_POSTQUOTE arguments E:\xampp\htdocs\jhms\Application\Home\Common\function.php 第 201 行.
INFO: [ app_end ] --START--
INFO: Run Behavior\ShowPageTraceBehavior [ RunTime:0.001922s ]
INFO: [ app_end ] --END-- [ RunTime:0.002397s ]

[ 2016-05-24T15:24:44+08:00 ] 127.0.0.1 /jhms/home/index/gginfo
INFO: [ app_init ] --START--
INFO: Run Behavior\BuildLiteBehavior [ RunTime:0.000037s ]
INFO: [ app_init ] --END-- [ RunTime:0.001071s ]
INFO: [ app_begin ] --START--
INFO: Run Behavior\ReadHtmlCacheBehavior [ RunTime:0.001663s ]
INFO: [ app_begin ] --END-- [ RunTime:0.001874s ]
NOTIC: [2] curl_setopt() [<a href='function.curl-setopt'>function.curl-setopt</a>]: You must pass either an object or an array with the CURLOPT_HTTPHEADER, CURLOPT_QUOTE, CURLOPT_HTTP200ALIASES and CURLOPT_POSTQUOTE arguments E:\xampp\htdocs\jhms\Application\Home\Common\function.php 第 201 行.

[ 2016-05-24T15:24:51+08:00 ] 127.0.0.1 /jhms/home/index/gginfo
INFO: [ app_init ] --START--
INFO: Run Behavior\BuildLiteBehavior [ RunTime:0.000037s ]
INFO: [ app_init ] --END-- [ RunTime:0.001034s ]
INFO: [ app_begin ] --START--
INFO: Run Behavior\ReadHtmlCacheBehavior [ RunTime:0.001466s ]
INFO: [ app_begin ] --END-- [ RunTime:0.001669s ]
NOTIC: [2] curl_setopt() [<a href='function.curl-setopt'>function.curl-setopt</a>]: You must pass either an object or an array with the CURLOPT_HTTPHEADER, CURLOPT_QUOTE, CURLOPT_HTTP200ALIASES and CURLOPT_POSTQUOTE arguments E:\xampp\htdocs\jhms\Application\Home\Common\function.php 第 201 行.
NOTIC: [8] iconv() [<a href='function.iconv'>function.iconv</a>]: Detected an illegal character in input string E:\xampp\htdocs\jhms\Application\Home\Common\function.php 第 207 行.

[ 2016-05-24T15:25:16+08:00 ] 127.0.0.1 /jhms/home/index/gginfo
INFO: [ app_init ] --START--
INFO: Run Behavior\BuildLiteBehavior [ RunTime:0.000037s ]
INFO: [ app_init ] --END-- [ RunTime:0.000959s ]
INFO: [ app_begin ] --START--
INFO: Run Behavior\ReadHtmlCacheBehavior [ RunTime:0.001288s ]
INFO: [ app_begin ] --END-- [ RunTime:0.001462s ]
NOTIC: [2] curl_setopt() [<a href='function.curl-setopt'>function.curl-setopt</a>]: You must pass either an object or an array with the CURLOPT_HTTPHEADER, CURLOPT_QUOTE, CURLOPT_HTTP200ALIASES and CURLOPT_POSTQUOTE arguments E:\xampp\htdocs\jhms\Application\Home\Common\function.php 第 201 行.
INFO: [ app_end ] --START--
INFO: Run Behavior\ShowPageTraceBehavior [ RunTime:0.001950s ]
INFO: [ app_end ] --END-- [ RunTime:0.002463s ]

[ 2016-05-24T15:25:39+08:00 ] 127.0.0.1 /jhms/home/index/gginfo
INFO: [ app_init ] --START--
INFO: Run Behavior\BuildLiteBehavior [ RunTime:0.000042s ]
INFO: [ app_init ] --END-- [ RunTime:0.001225s ]
INFO: [ app_begin ] --START--
INFO: Run Behavior\ReadHtmlCacheBehavior [ RunTime:0.001633s ]
INFO: [ app_begin ] --END-- [ RunTime:0.001846s ]
NOTIC: [2] curl_setopt() [<a href='function.curl-setopt'>function.curl-setopt</a>]: You must pass either an object or an array with the CURLOPT_HTTPHEADER, CURLOPT_QUOTE, CURLOPT_HTTP200ALIASES and CURLOPT_POSTQUOTE arguments E:\xampp\htdocs\jhms\Application\Home\Common\function.php 第 201 行.
INFO: [ app_end ] --START--
INFO: Run Behavior\ShowPageTraceBehavior [ RunTime:0.001890s ]
INFO: [ app_end ] --END-- [ RunTime:0.002123s ]

[ 2016-05-24T15:33:09+08:00 ] 127.0.0.1 /jhms/home/index/gginfo
INFO: [ app_init ] --START--
INFO: Run Behavior\BuildLiteBehavior [ RunTime:0.000051s ]
INFO: [ app_init ] --END-- [ RunTime:0.001265s ]
INFO: [ app_begin ] --START--
INFO: Run Behavior\ReadHtmlCacheBehavior [ RunTime:0.001678s ]
INFO: [ app_begin ] --END-- [ RunTime:0.001897s ]
NOTIC: [2] curl_setopt() [<a href='function.curl-setopt'>function.curl-setopt</a>]: You must pass either an object or an array with the CURLOPT_HTTPHEADER, CURLOPT_QUOTE, CURLOPT_HTTP200ALIASES and CURLOPT_POSTQUOTE arguments E:\xampp\htdocs\jhms\Application\Home\Common\function.php 第 201 行.
INFO: [ app_end ] --START--
INFO: Run Behavior\ShowPageTraceBehavior [ RunTime:0.001955s ]
INFO: [ app_end ] --END-- [ RunTime:0.002204s ]

[ 2016-05-24T15:33:32+08:00 ] 127.0.0.1 /jhms/home/index/gginfo
INFO: [ app_init ] --START--
INFO: Run Behavior\BuildLiteBehavior [ RunTime:0.000044s ]
INFO: [ app_init ] --END-- [ RunTime:0.001157s ]
INFO: [ app_begin ] --START--
INFO: Run Behavior\ReadHtmlCacheBehavior [ RunTime:0.001470s ]
INFO: [ app_begin ] --END-- [ RunTime:0.001674s ]
NOTIC: [2] curl_setopt() [<a href='function.curl-setopt'>function.curl-setopt</a>]: You must pass either an object or an array with the CURLOPT_HTTPHEADER, CURLOPT_QUOTE, CURLOPT_HTTP200ALIASES and CURLOPT_POSTQUOTE arguments E:\xampp\htdocs\jhms\Application\Home\Common\function.php 第 201 行.
INFO: [ app_end ] --START--
INFO: Run Behavior\ShowPageTraceBehavior [ RunTime:0.002235s ]
INFO: [ app_end ] --END-- [ RunTime:0.002475s ]

[ 2016-05-24T15:33:50+08:00 ] 127.0.0.1 /jhms/home/index/gginfo
INFO: [ app_init ] --START--
INFO: Run Behavior\BuildLiteBehavior [ RunTime:0.000042s ]
INFO: [ app_init ] --END-- [ RunTime:0.001242s ]
INFO: [ app_begin ] --START--
INFO: Run Behavior\ReadHtmlCacheBehavior [ RunTime:0.001461s ]
INFO: [ app_begin ] --END-- [ RunTime:0.001674s ]
NOTIC: [2] curl_setopt() [<a href='function.curl-setopt'>function.curl-setopt</a>]: You must pass either an object or an array with the CURLOPT_HTTPHEADER, CURLOPT_QUOTE, CURLOPT_HTTP200ALIASES and CURLOPT_POSTQUOTE arguments E:\xampp\htdocs\jhms\Application\Home\Common\function.php 第 201 行.
INFO: [ app_end ] --START--
INFO: Run Behavior\ShowPageTraceBehavior [ RunTime:0.001467s ]
INFO: [ app_end ] --END-- [ RunTime:0.001777s ]

[ 2016-05-24T15:34:48+08:00 ] 127.0.0.1 /jhms/home/index/gginfo
INFO: [ app_init ] --START--
INFO: Run Behavior\BuildLiteBehavior [ RunTime:0.000038s ]
INFO: [ app_init ] --END-- [ RunTime:0.001052s ]
INFO: [ app_begin ] --START--
INFO: Run Behavior\ReadHtmlCacheBehavior [ RunTime:0.001461s ]
INFO: [ app_begin ] --END-- [ RunTime:0.001640s ]
NOTIC: [2] curl_setopt() [<a href='function.curl-setopt'>function.curl-setopt</a>]: You must pass either an object or an array with the CURLOPT_HTTPHEADER, CURLOPT_QUOTE, CURLOPT_HTTP200ALIASES and CURLOPT_POSTQUOTE arguments E:\xampp\htdocs\jhms\Application\Home\Common\function.php 第 201 行.
INFO: [ app_end ] --START--
INFO: Run Behavior\ShowPageTraceBehavior [ RunTime:0.001929s ]
INFO: [ app_end ] --END-- [ RunTime:0.002183s ]

[ 2016-05-24T15:35:29+08:00 ] 127.0.0.1 /jhms/home/index/gginfo
INFO: [ app_init ] --START--
INFO: Run Behavior\BuildLiteBehavior [ RunTime:0.000069s ]
INFO: [ app_init ] --END-- [ RunTime:0.001031s ]
INFO: [ app_begin ] --START--
INFO: Run Behavior\ReadHtmlCacheBehavior [ RunTime:0.001834s ]
INFO: [ app_begin ] --END-- [ RunTime:0.002030s ]
NOTIC: [2] curl_setopt() [<a href='function.curl-setopt'>function.curl-setopt</a>]: You must pass either an object or an array with the CURLOPT_HTTPHEADER, CURLOPT_QUOTE, CURLOPT_HTTP200ALIASES and CURLOPT_POSTQUOTE arguments E:\xampp\htdocs\jhms\Application\Home\Common\function.php 第 201 行.
INFO: [ app_end ] --START--
INFO: Run Behavior\ShowPageTraceBehavior [ RunTime:0.001702s ]
INFO: [ app_end ] --END-- [ RunTime:0.001937s ]

[ 2016-05-24T15:38:19+08:00 ] 127.0.0.1 /jhms/home/index/gginfo
INFO: [ app_init ] --START--
INFO: Run Behavior\BuildLiteBehavior [ RunTime:0.000037s ]
INFO: [ app_init ] --END-- [ RunTime:0.001061s ]
INFO: [ app_begin ] --START--
INFO: Run Behavior\ReadHtmlCacheBehavior [ RunTime:0.001674s ]
INFO: [ app_begin ] --END-- [ RunTime:0.001991s ]
NOTIC: [2] curl_setopt() [<a href='function.curl-setopt'>function.curl-setopt</a>]: You must pass either an object or an array with the CURLOPT_HTTPHEADER, CURLOPT_QUOTE, CURLOPT_HTTP200ALIASES and CURLOPT_POSTQUOTE arguments E:\xampp\htdocs\jhms\Application\Home\Common\function.php 第 201 行.
INFO: [ app_end ] --START--
INFO: Run Behavior\ShowPageTraceBehavior [ RunTime:0.002110s ]
INFO: [ app_end ] --END-- [ RunTime:0.002352s ]

[ 2016-05-24T15:39:09+08:00 ] 127.0.0.1 /jhms/home/index/gginfo
INFO: [ app_init ] --START--
INFO: Run Behavior\BuildLiteBehavior [ RunTime:0.000036s ]
INFO: [ app_init ] --END-- [ RunTime:0.001048s ]
INFO: [ app_begin ] --START--
INFO: Run Behavior\ReadHtmlCacheBehavior [ RunTime:0.001463s ]
INFO: [ app_begin ] --END-- [ RunTime:0.001639s ]
NOTIC: [2] curl_setopt() [<a href='function.curl-setopt'>function.curl-setopt</a>]: You must pass either an object or an array with the CURLOPT_HTTPHEADER, CURLOPT_QUOTE, CURLOPT_HTTP200ALIASES and CURLOPT_POSTQUOTE arguments E:\xampp\htdocs\jhms\Application\Home\Common\function.php 第 201 行.
INFO: [ app_end ] --START--
INFO: Run Behavior\ShowPageTraceBehavior [ RunTime:0.001629s ]
INFO: [ app_end ] --END-- [ RunTime:0.001829s ]

[ 2016-05-24T15:42:29+08:00 ] 127.0.0.1 /jhms/home/index/gginfo
INFO: [ app_init ] --START--
INFO: Run Behavior\BuildLiteBehavior [ RunTime:0.000040s ]
INFO: [ app_init ] --END-- [ RunTime:0.001053s ]
INFO: [ app_begin ] --START--
INFO: Run Behavior\ReadHtmlCacheBehavior [ RunTime:0.001579s ]
INFO: [ app_begin ] --END-- [ RunTime:0.001770s ]
NOTIC: [2] curl_setopt() [<a href='function.curl-setopt'>function.curl-setopt</a>]: You must pass either an object or an array with the CURLOPT_HTTPHEADER, CURLOPT_QUOTE, CURLOPT_HTTP200ALIASES and CURLOPT_POSTQUOTE arguments E:\xampp\htdocs\jhms\Application\Home\Common\function.php 第 201 行.
INFO: [ app_end ] --START--
INFO: Run Behavior\ShowPageTraceBehavior [ RunTime:0.002183s ]
INFO: [ app_end ] --END-- [ RunTime:0.002436s ]

[ 2016-05-24T15:43:11+08:00 ] 127.0.0.1 /jhms/home/index/gginfo
INFO: [ app_init ] --START--
INFO: Run Behavior\BuildLiteBehavior [ RunTime:0.000038s ]
INFO: [ app_init ] --END-- [ RunTime:0.001119s ]
INFO: [ app_begin ] --START--
INFO: Run Behavior\ReadHtmlCacheBehavior [ RunTime:0.001691s ]
INFO: [ app_begin ] --END-- [ RunTime:0.001892s ]
NOTIC: [2] curl_setopt() [<a href='function.curl-setopt'>function.curl-setopt</a>]: You must pass either an object or an array with the CURLOPT_HTTPHEADER, CURLOPT_QUOTE, CURLOPT_HTTP200ALIASES and CURLOPT_POSTQUOTE arguments E:\xampp\htdocs\jhms\Application\Home\Common\function.php 第 201 行.
INFO: [ app_end ] --START--
INFO: Run Behavior\ShowPageTraceBehavior [ RunTime:0.001787s ]
INFO: [ app_end ] --END-- [ RunTime:0.001986s ]

[ 2016-05-24T15:43:48+08:00 ] 127.0.0.1 /jhms/home/index/gginfo
INFO: [ app_init ] --START--
INFO: Run Behavior\BuildLiteBehavior [ RunTime:0.000083s ]
INFO: [ app_init ] --END-- [ RunTime:0.002569s ]
INFO: [ app_begin ] --START--
INFO: Run Behavior\ReadHtmlCacheBehavior [ RunTime:0.002922s ]
INFO: [ app_begin ] --END-- [ RunTime:0.003300s ]
NOTIC: [2] curl_setopt() [<a href='function.curl-setopt'>function.curl-setopt</a>]: You must pass either an object or an array with the CURLOPT_HTTPHEADER, CURLOPT_QUOTE, CURLOPT_HTTP200ALIASES and CURLOPT_POSTQUOTE arguments E:\xampp\htdocs\jhms\Application\Home\Common\function.php 第 201 行.
INFO: [ app_end ] --START--
INFO: Run Behavior\ShowPageTraceBehavior [ RunTime:0.001692s ]
INFO: [ app_end ] --END-- [ RunTime:0.001943s ]

[ 2016-05-24T15:44:10+08:00 ] 127.0.0.1 /jhms/home/index/gginfo
INFO: [ app_init ] --START--
INFO: Run Behavior\BuildLiteBehavior [ RunTime:0.000039s ]
INFO: [ app_init ] --END-- [ RunTime:0.001448s ]
INFO: [ app_begin ] --START--
INFO: Run Behavior\ReadHtmlCacheBehavior [ RunTime:0.001432s ]
INFO: [ app_begin ] --END-- [ RunTime:0.001631s ]
NOTIC: [2] curl_setopt() [<a href='function.curl-setopt'>function.curl-setopt</a>]: You must pass either an object or an array with the CURLOPT_HTTPHEADER, CURLOPT_QUOTE, CURLOPT_HTTP200ALIASES and CURLOPT_POSTQUOTE arguments E:\xampp\htdocs\jhms\Application\Home\Common\function.php 第 201 行.
INFO: [ app_end ] --START--
INFO: Run Behavior\ShowPageTraceBehavior [ RunTime:0.001644s ]
INFO: [ app_end ] --END-- [ RunTime:0.001871s ]

[ 2016-05-24T15:44:25+08:00 ] 127.0.0.1 /jhms/home/index/gginfo
INFO: [ app_init ] --START--
INFO: Run Behavior\BuildLiteBehavior [ RunTime:0.000038s ]
INFO: [ app_init ] --END-- [ RunTime:0.001063s ]
INFO: [ app_begin ] --START--
INFO: Run Behavior\ReadHtmlCacheBehavior [ RunTime:0.001302s ]
INFO: [ app_begin ] --END-- [ RunTime:0.001540s ]
NOTIC: [2] curl_setopt() [<a href='function.curl-setopt'>function.curl-setopt</a>]: You must pass either an object or an array with the CURLOPT_HTTPHEADER, CURLOPT_QUOTE, CURLOPT_HTTP200ALIASES and CURLOPT_POSTQUOTE arguments E:\xampp\htdocs\jhms\Application\Home\Common\function.php 第 201 行.
INFO: [ app_end ] --START--
INFO: Run Behavior\ShowPageTraceBehavior [ RunTime:0.001432s ]
INFO: [ app_end ] --END-- [ RunTime:0.001712s ]

[ 2016-05-24T15:45:01+08:00 ] 127.0.0.1 /jhms/home/index/gginfo
INFO: [ app_init ] --START--
INFO: Run Behavior\BuildLiteBehavior [ RunTime:0.000047s ]
INFO: [ app_init ] --END-- [ RunTime:0.001297s ]
INFO: [ app_begin ] --START--
INFO: Run Behavior\ReadHtmlCacheBehavior [ RunTime:0.001470s ]
INFO: [ app_begin ] --END-- [ RunTime:0.001649s ]
NOTIC: [2] curl_setopt() [<a href='function.curl-setopt'>function.curl-setopt</a>]: You must pass either an object or an array with the CURLOPT_HTTPHEADER, CURLOPT_QUOTE, CURLOPT_HTTP200ALIASES and CURLOPT_POSTQUOTE arguments E:\xampp\htdocs\jhms\Application\Home\Common\function.php 第 201 行.
INFO: [ app_end ] --START--
INFO: Run Behavior\ShowPageTraceBehavior [ RunTime:0.001615s ]
INFO: [ app_end ] --END-- [ RunTime:0.001848s ]

[ 2016-05-24T15:45:38+08:00 ] 127.0.0.1 /jhms/home/index/gginfo
INFO: [ app_init ] --START--
INFO: Run Behavior\BuildLiteBehavior [ RunTime:0.000043s ]
INFO: [ app_init ] --END-- [ RunTime:0.001208s ]
INFO: [ app_begin ] --START--
INFO: Run Behavior\ReadHtmlCacheBehavior [ RunTime:0.001498s ]
INFO: [ app_begin ] --END-- [ RunTime:0.001674s ]
NOTIC: [2] curl_setopt() [<a href='function.curl-setopt'>function.curl-setopt</a>]: You must pass either an object or an array with the CURLOPT_HTTPHEADER, CURLOPT_QUOTE, CURLOPT_HTTP200ALIASES and CURLOPT_POSTQUOTE arguments E:\xampp\htdocs\jhms\Application\Home\Common\function.php 第 201 行.
INFO: [ app_end ] --START--
INFO: Run Behavior\ShowPageTraceBehavior [ RunTime:0.001877s ]
INFO: [ app_end ] --END-- [ RunTime:0.002106s ]

[ 2016-05-24T15:46:01+08:00 ] 127.0.0.1 /jhms/home/index/gginfo
INFO: [ app_init ] --START--
INFO: Run Behavior\BuildLiteBehavior [ RunTime:0.000037s ]
INFO: [ app_init ] --END-- [ RunTime:0.000965s ]
INFO: [ app_begin ] --START--
INFO: Run Behavior\ReadHtmlCacheBehavior [ RunTime:0.001674s ]
INFO: [ app_begin ] --END-- [ RunTime:0.001870s ]
NOTIC: [2] curl_setopt() [<a href='function.curl-setopt'>function.curl-setopt</a>]: You must pass either an object or an array with the CURLOPT_HTTPHEADER, CURLOPT_QUOTE, CURLOPT_HTTP200ALIASES and CURLOPT_POSTQUOTE arguments E:\xampp\htdocs\jhms\Application\Home\Common\function.php 第 201 行.
INFO: [ app_end ] --START--
INFO: Run Behavior\ShowPageTraceBehavior [ RunTime:0.001689s ]
INFO: [ app_end ] --END-- [ RunTime:0.001927s ]

[ 2016-05-24T15:46:26+08:00 ] 127.0.0.1 /jhms/home/index/gginfo
INFO: [ app_init ] --START--
INFO: Run Behavior\BuildLiteBehavior [ RunTime:0.000037s ]
INFO: [ app_init ] --END-- [ RunTime:0.000988s ]
INFO: [ app_begin ] --START--
INFO: Run Behavior\ReadHtmlCacheBehavior [ RunTime:0.001302s ]
INFO: [ app_begin ] --END-- [ RunTime:0.001472s ]
NOTIC: [2] curl_setopt() [<a href='function.curl-setopt'>function.curl-setopt</a>]: You must pass either an object or an array with the CURLOPT_HTTPHEADER, CURLOPT_QUOTE, CURLOPT_HTTP200ALIASES and CURLOPT_POSTQUOTE arguments E:\xampp\htdocs\jhms\Application\Home\Common\function.php 第 201 行.
INFO: [ app_end ] --START--
INFO: Run Behavior\ShowPageTraceBehavior [ RunTime:0.001427s ]
INFO: [ app_end ] --END-- [ RunTime:0.001616s ]

[ 2016-05-24T15:47:23+08:00 ] 127.0.0.1 /jhms/home/index/gginfo
INFO: [ app_init ] --START--
INFO: Run Behavior\BuildLiteBehavior [ RunTime:0.000038s ]
INFO: [ app_init ] --END-- [ RunTime:0.001087s ]
INFO: [ app_begin ] --START--
INFO: Run Behavior\ReadHtmlCacheBehavior [ RunTime:0.001694s ]
INFO: [ app_begin ] --END-- [ RunTime:0.002016s ]
NOTIC: [2] curl_setopt() [<a href='function.curl-setopt'>function.curl-setopt</a>]: You must pass either an object or an array with the CURLOPT_HTTPHEADER, CURLOPT_QUOTE, CURLOPT_HTTP200ALIASES and CURLOPT_POSTQUOTE arguments E:\xampp\htdocs\jhms\Application\Home\Common\function.php 第 201 行.
NOTIC: [8] Trying to get property of non-object E:\xampp\htdocs\jhms\Application\Home\Controller\IndexController.class.php 第 255 行.
NOTIC: [8] Trying to get property of non-object E:\xampp\htdocs\jhms\Application\Home\Controller\IndexController.class.php 第 256 行.
INFO: [ app_end ] --START--
INFO: Run Behavior\ShowPageTraceBehavior [ RunTime:0.001662s ]
INFO: [ app_end ] --END-- [ RunTime:0.001860s ]

[ 2016-05-24T15:48:17+08:00 ] 127.0.0.1 /jhms/home/index/gginfo
INFO: [ app_init ] --START--
INFO: Run Behavior\BuildLiteBehavior [ RunTime:0.000036s ]
INFO: [ app_init ] --END-- [ RunTime:0.001068s ]
INFO: [ app_begin ] --START--
INFO: Run Behavior\ReadHtmlCacheBehavior [ RunTime:0.001549s ]
INFO: [ app_begin ] --END-- [ RunTime:0.001732s ]
NOTIC: [2] curl_setopt() [<a href='function.curl-setopt'>function.curl-setopt</a>]: You must pass either an object or an array with the CURLOPT_HTTPHEADER, CURLOPT_QUOTE, CURLOPT_HTTP200ALIASES and CURLOPT_POSTQUOTE arguments E:\xampp\htdocs\jhms\Application\Home\Common\function.php 第 201 行.
INFO: [ app_end ] --START--
INFO: Run Behavior\ShowPageTraceBehavior [ RunTime:0.001909s ]
INFO: [ app_end ] --END-- [ RunTime:0.002157s ]

[ 2016-05-24T15:49:53+08:00 ] 127.0.0.1 /jhms/home/index/gginfo
INFO: [ app_init ] --START--
INFO: Run Behavior\BuildLiteBehavior [ RunTime:0.000043s ]
INFO: [ app_init ] --END-- [ RunTime:0.001226s ]
INFO: [ app_begin ] --START--
INFO: Run Behavior\ReadHtmlCacheBehavior [ RunTime:0.001695s ]
INFO: [ app_begin ] --END-- [ RunTime:0.001902s ]
NOTIC: [2] curl_setopt() [<a href='function.curl-setopt'>function.curl-setopt</a>]: You must pass either an object or an array with the CURLOPT_HTTPHEADER, CURLOPT_QUOTE, CURLOPT_HTTP200ALIASES and CURLOPT_POSTQUOTE arguments E:\xampp\htdocs\jhms\Application\Home\Common\function.php 第 201 行.
INFO: [ app_end ] --START--
INFO: Run Behavior\ShowPageTraceBehavior [ RunTime:0.001943s ]
INFO: [ app_end ] --END-- [ RunTime:0.002176s ]

[ 2016-05-24T15:50:58+08:00 ] 127.0.0.1 /jhms/home/index/gginfo
INFO: [ app_init ] --START--
INFO: Run Behavior\BuildLiteBehavior [ RunTime:0.000043s ]
INFO: [ app_init ] --END-- [ RunTime:0.001248s ]
INFO: [ app_begin ] --START--
INFO: Run Behavior\ReadHtmlCacheBehavior [ RunTime:0.001760s ]
INFO: [ app_begin ] --END-- [ RunTime:0.001982s ]
NOTIC: [2] curl_setopt() [<a href='function.curl-setopt'>function.curl-setopt</a>]: You must pass either an object or an array with the CURLOPT_HTTPHEADER, CURLOPT_QUOTE, CURLOPT_HTTP200ALIASES and CURLOPT_POSTQUOTE arguments E:\xampp\htdocs\jhms\Application\Home\Common\function.php 第 201 行.
INFO: [ app_end ] --START--
INFO: Run Behavior\ShowPageTraceBehavior [ RunTime:0.001931s ]
INFO: [ app_end ] --END-- [ RunTime:0.002183s ]

[ 2016-05-24T15:51:38+08:00 ] 127.0.0.1 /jhms/home/index/gginfo
INFO: [ app_init ] --START--
INFO: Run Behavior\BuildLiteBehavior [ RunTime:0.000049s ]
INFO: [ app_init ] --END-- [ RunTime:0.000995s ]
INFO: [ app_begin ] --START--
INFO: Run Behavior\ReadHtmlCacheBehavior [ RunTime:0.001328s ]
INFO: [ app_begin ] --END-- [ RunTime:0.001499s ]
NOTIC: [2] curl_setopt() [<a href='function.curl-setopt'>function.curl-setopt</a>]: You must pass either an object or an array with the CURLOPT_HTTPHEADER, CURLOPT_QUOTE, CURLOPT_HTTP200ALIASES and CURLOPT_POSTQUOTE arguments E:\xampp\htdocs\jhms\Application\Home\Common\function.php 第 201 行.
INFO: [ app_end ] --START--
INFO: Run Behavior\ShowPageTraceBehavior [ RunTime:0.001463s ]
INFO: [ app_end ] --END-- [ RunTime:0.001669s ]

[ 2016-05-24T15:52:13+08:00 ] 127.0.0.1 /jhms/home/index/gginfo
INFO: [ app_init ] --START--
INFO: Run Behavior\BuildLiteBehavior [ RunTime:0.000043s ]
INFO: [ app_init ] --END-- [ RunTime:0.002482s ]
INFO: [ app_begin ] --START--
INFO: Run Behavior\ReadHtmlCacheBehavior [ RunTime:0.001481s ]
INFO: [ app_begin ] --END-- [ RunTime:0.001687s ]
NOTIC: [2] curl_setopt() [<a href='function.curl-setopt'>function.curl-setopt</a>]: You must pass either an object or an array with the CURLOPT_HTTPHEADER, CURLOPT_QUOTE, CURLOPT_HTTP200ALIASES and CURLOPT_POSTQUOTE arguments E:\xampp\htdocs\jhms\Application\Home\Common\function.php 第 201 行.
INFO: [ app_end ] --START--
INFO: Run Behavior\ShowPageTraceBehavior [ RunTime:0.001743s ]
INFO: [ app_end ] --END-- [ RunTime:0.001958s ]

[ 2016-05-24T15:53:27+08:00 ] 127.0.0.1 /jhms/home/index/gginfo
INFO: [ app_init ] --START--
INFO: Run Behavior\BuildLiteBehavior [ RunTime:0.000041s ]
INFO: [ app_init ] --END-- [ RunTime:0.002116s ]
INFO: [ app_begin ] --START--
INFO: Run Behavior\ReadHtmlCacheBehavior [ RunTime:0.002326s ]
INFO: [ app_begin ] --END-- [ RunTime:0.002545s ]
NOTIC: [2] curl_setopt() [<a href='function.curl-setopt'>function.curl-setopt</a>]: You must pass either an object or an array with the CURLOPT_HTTPHEADER, CURLOPT_QUOTE, CURLOPT_HTTP200ALIASES and CURLOPT_POSTQUOTE arguments E:\xampp\htdocs\jhms\Application\Home\Common\function.php 第 201 行.
INFO: [ app_end ] --START--
INFO: Run Behavior\ShowPageTraceBehavior [ RunTime:0.001731s ]
INFO: [ app_end ] --END-- [ RunTime:0.001936s ]

[ 2016-05-24T15:54:14+08:00 ] 127.0.0.1 /jhms/home/index/gginfo
INFO: [ app_init ] --START--
INFO: Run Behavior\BuildLiteBehavior [ RunTime:0.000038s ]
INFO: [ app_init ] --END-- [ RunTime:0.001041s ]
INFO: [ app_begin ] --START--
INFO: Run Behavior\ReadHtmlCacheBehavior [ RunTime:0.001615s ]
INFO: [ app_begin ] --END-- [ RunTime:0.001791s ]
NOTIC: [2] curl_setopt() [<a href='function.curl-setopt'>function.curl-setopt</a>]: You must pass either an object or an array with the CURLOPT_HTTPHEADER, CURLOPT_QUOTE, CURLOPT_HTTP200ALIASES and CURLOPT_POSTQUOTE arguments E:\xampp\htdocs\jhms\Application\Home\Common\function.php 第 201 行.
INFO: [ app_end ] --START--
INFO: Run Behavior\ShowPageTraceBehavior [ RunTime:0.001964s ]
INFO: [ app_end ] --END-- [ RunTime:0.002209s ]

[ 2016-05-24T15:54:48+08:00 ] 127.0.0.1 /jhms/home/index/gginfo
INFO: [ app_init ] --START--
INFO: Run Behavior\BuildLiteBehavior [ RunTime:0.000037s ]
INFO: [ app_init ] --END-- [ RunTime:0.000964s ]
INFO: [ app_begin ] --START--
INFO: Run Behavior\ReadHtmlCacheBehavior [ RunTime:0.001305s ]
INFO: [ app_begin ] --END-- [ RunTime:0.001483s ]
NOTIC: [2] curl_setopt() [<a href='function.curl-setopt'>function.curl-setopt</a>]: You must pass either an object or an array with the CURLOPT_HTTPHEADER, CURLOPT_QUOTE, CURLOPT_HTTP200ALIASES and CURLOPT_POSTQUOTE arguments E:\xampp\htdocs\jhms\Application\Home\Common\function.php 第 201 行.
NOTIC: [8] Trying to get property of non-object E:\xampp\htdocs\jhms\Application\Home\Controller\IndexController.class.php 第 269 行.
NOTIC: [8] Trying to get property of non-object E:\xampp\htdocs\jhms\Application\Home\Controller\IndexController.class.php 第 270 行.
INFO: [ app_end ] --START--
INFO: Run Behavior\ShowPageTraceBehavior [ RunTime:0.001453s ]
INFO: [ app_end ] --END-- [ RunTime:0.001651s ]

[ 2016-05-24T15:55:48+08:00 ] 127.0.0.1 /jhms/home/index/gginfo
INFO: [ app_init ] --START--
INFO: Run Behavior\BuildLiteBehavior [ RunTime:0.000043s ]
INFO: [ app_init ] --END-- [ RunTime:0.001314s ]
INFO: [ app_begin ] --START--
INFO: Run Behavior\ReadHtmlCacheBehavior [ RunTime:0.001477s ]
INFO: [ app_begin ] --END-- [ RunTime:0.001695s ]
NOTIC: [2] curl_setopt() [<a href='function.curl-setopt'>function.curl-setopt</a>]: You must pass either an object or an array with the CURLOPT_HTTPHEADER, CURLOPT_QUOTE, CURLOPT_HTTP200ALIASES and CURLOPT_POSTQUOTE arguments E:\xampp\htdocs\jhms\Application\Home\Common\function.php 第 201 行.
INFO: [ app_end ] --START--
INFO: Run Behavior\ShowPageTraceBehavior [ RunTime:0.001692s ]
INFO: [ app_end ] --END-- [ RunTime:0.001920s ]

[ 2016-05-24T15:58:04+08:00 ] 127.0.0.1 /jhms/home/index/gginfo
INFO: [ app_init ] --START--
INFO: Run Behavior\BuildLiteBehavior [ RunTime:0.000041s ]
INFO: [ app_init ] --END-- [ RunTime:0.001192s ]
INFO: [ app_begin ] --START--
INFO: Run Behavior\ReadHtmlCacheBehavior [ RunTime:0.001669s ]
INFO: [ app_begin ] --END-- [ RunTime:0.001877s ]
NOTIC: [2] curl_setopt() [<a href='function.curl-setopt'>function.curl-setopt</a>]: You must pass either an object or an array with the CURLOPT_HTTPHEADER, CURLOPT_QUOTE, CURLOPT_HTTP200ALIASES and CURLOPT_POSTQUOTE arguments E:\xampp\htdocs\jhms\Application\Home\Common\function.php 第 201 行.
INFO: [ app_end ] --START--
INFO: Run Behavior\ShowPageTraceBehavior [ RunTime:0.002070s ]
INFO: [ app_end ] --END-- [ RunTime:0.002484s ]

[ 2016-05-24T15:59:44+08:00 ] 127.0.0.1 /jhms/home/index/gginfo
INFO: [ app_init ] --START--
INFO: Run Behavior\BuildLiteBehavior [ RunTime:0.000037s ]
INFO: [ app_init ] --END-- [ RunTime:0.001038s ]
INFO: [ app_begin ] --START--
INFO: Run Behavior\ReadHtmlCacheBehavior [ RunTime:0.001998s ]
INFO: [ app_begin ] --END-- [ RunTime:0.002217s ]
NOTIC: [2] curl_setopt() [<a href='function.curl-setopt'>function.curl-setopt</a>]: You must pass either an object or an array with the CURLOPT_HTTPHEADER, CURLOPT_QUOTE, CURLOPT_HTTP200ALIASES and CURLOPT_POSTQUOTE arguments E:\xampp\htdocs\jhms\Application\Home\Common\function.php 第 201 行.
INFO: [ app_end ] --START--
INFO: Run Behavior\ShowPageTraceBehavior [ RunTime:0.002106s ]
INFO: [ app_end ] --END-- [ RunTime:0.002454s ]

[ 2016-05-24T16:00:43+08:00 ] 127.0.0.1 /jhms/home/index/gginfo
INFO: [ app_init ] --START--
INFO: Run Behavior\BuildLiteBehavior [ RunTime:0.000044s ]
INFO: [ app_init ] --END-- [ RunTime:0.001478s ]
INFO: [ app_begin ] --START--
INFO: Run Behavior\ReadHtmlCacheBehavior [ RunTime:0.001656s ]
INFO: [ app_begin ] --END-- [ RunTime:0.001867s ]
NOTIC: [2] curl_setopt() [<a href='function.curl-setopt'>function.curl-setopt</a>]: You must pass either an object or an array with the CURLOPT_HTTPHEADER, CURLOPT_QUOTE, CURLOPT_HTTP200ALIASES and CURLOPT_POSTQUOTE arguments E:\xampp\htdocs\jhms\Application\Home\Common\function.php 第 201 行.
INFO: [ app_end ] --START--
INFO: Run Behavior\ShowPageTraceBehavior [ RunTime:0.001644s ]
INFO: [ app_end ] --END-- [ RunTime:0.001842s ]

[ 2016-05-24T16:02:01+08:00 ] 127.0.0.1 /jhms/home/index/gginfo
INFO: [ app_init ] --START--
INFO: Run Behavior\BuildLiteBehavior [ RunTime:0.000043s ]
INFO: [ app_init ] --END-- [ RunTime:0.001295s ]
INFO: [ app_begin ] --START--
INFO: Run Behavior\ReadHtmlCacheBehavior [ RunTime:0.001478s ]
INFO: [ app_begin ] --END-- [ RunTime:0.001662s ]
NOTIC: [2] curl_setopt() [<a href='function.curl-setopt'>function.curl-setopt</a>]: You must pass either an object or an array with the CURLOPT_HTTPHEADER, CURLOPT_QUOTE, CURLOPT_HTTP200ALIASES and CURLOPT_POSTQUOTE arguments E:\xampp\htdocs\jhms\Application\Home\Common\function.php 第 201 行.
INFO: [ app_end ] --START--
INFO: Run Behavior\ShowPageTraceBehavior [ RunTime:0.001644s ]
INFO: [ app_end ] --END-- [ RunTime:0.001837s ]

[ 2016-05-24T16:02:22+08:00 ] 127.0.0.1 /jhms/home/index/gginfo
INFO: [ app_init ] --START--
INFO: Run Behavior\BuildLiteBehavior [ RunTime:0.000042s ]
INFO: [ app_init ] --END-- [ RunTime:0.001124s ]
INFO: [ app_begin ] --START--
INFO: Run Behavior\ReadHtmlCacheBehavior [ RunTime:0.001423s ]
INFO: [ app_begin ] --END-- [ RunTime:0.001629s ]
NOTIC: [2] curl_setopt() [<a href='function.curl-setopt'>function.curl-setopt</a>]: You must pass either an object or an array with the CURLOPT_HTTPHEADER, CURLOPT_QUOTE, CURLOPT_HTTP200ALIASES and CURLOPT_POSTQUOTE arguments E:\xampp\htdocs\jhms\Application\Home\Common\function.php 第 201 行.
INFO: [ app_end ] --START--
INFO: Run Behavior\ShowPageTraceBehavior [ RunTime:0.001633s ]
INFO: [ app_end ] --END-- [ RunTime:0.001860s ]

[ 2016-05-24T16:02:51+08:00 ] 127.0.0.1 /jhms/home/index/gginfo
INFO: [ app_init ] --START--
INFO: Run Behavior\BuildLiteBehavior [ RunTime:0.000043s ]
INFO: [ app_init ] --END-- [ RunTime:0.001105s ]
INFO: [ app_begin ] --START--
INFO: Run Behavior\ReadHtmlCacheBehavior [ RunTime:0.001441s ]
INFO: [ app_begin ] --END-- [ RunTime:0.001647s ]
NOTIC: [2] curl_setopt() [<a href='function.curl-setopt'>function.curl-setopt</a>]: You must pass either an object or an array with the CURLOPT_HTTPHEADER, CURLOPT_QUOTE, CURLOPT_HTTP200ALIASES and CURLOPT_POSTQUOTE arguments E:\xampp\htdocs\jhms\Application\Home\Common\function.php 第 201 行.
INFO: [ app_end ] --START--
INFO: Run Behavior\ShowPageTraceBehavior [ RunTime:0.001764s ]
INFO: [ app_end ] --END-- [ RunTime:0.001983s ]

[ 2016-05-24T16:03:06+08:00 ] 127.0.0.1 /jhms/home/index/gginfo
INFO: [ app_init ] --START--
INFO: Run Behavior\BuildLiteBehavior [ RunTime:0.000042s ]
INFO: [ app_init ] --END-- [ RunTime:0.001186s ]
INFO: [ app_begin ] --START--
INFO: Run Behavior\ReadHtmlCacheBehavior [ RunTime:0.001674s ]
INFO: [ app_begin ] --END-- [ RunTime:0.001898s ]
NOTIC: [2] curl_setopt() [<a href='function.curl-setopt'>function.curl-setopt</a>]: You must pass either an object or an array with the CURLOPT_HTTPHEADER, CURLOPT_QUOTE, CURLOPT_HTTP200ALIASES and CURLOPT_POSTQUOTE arguments E:\xampp\htdocs\jhms\Application\Home\Common\function.php 第 201 行.
INFO: [ app_end ] --START--
INFO: Run Behavior\ShowPageTraceBehavior [ RunTime:0.003239s ]
INFO: [ app_end ] --END-- [ RunTime:0.003433s ]

[ 2016-05-24T16:04:07+08:00 ] 127.0.0.1 /jhms/home/index/gginfo
INFO: [ app_init ] --START--
INFO: Run Behavior\BuildLiteBehavior [ RunTime:0.000043s ]
INFO: [ app_init ] --END-- [ RunTime:0.001255s ]
INFO: [ app_begin ] --START--
INFO: Run Behavior\ReadHtmlCacheBehavior [ RunTime:0.001663s ]
INFO: [ app_begin ] --END-- [ RunTime:0.001880s ]
NOTIC: [2] curl_setopt() [<a href='function.curl-setopt'>function.curl-setopt</a>]: You must pass either an object or an array with the CURLOPT_HTTPHEADER, CURLOPT_QUOTE, CURLOPT_HTTP200ALIASES and CURLOPT_POSTQUOTE arguments E:\xampp\htdocs\jhms\Application\Home\Common\function.php 第 201 行.
INFO: [ app_end ] --START--
INFO: Run Behavior\ShowPageTraceBehavior [ RunTime:0.001985s ]
INFO: [ app_end ] --END-- [ RunTime:0.002237s ]

[ 2016-05-24T16:04:38+08:00 ] 127.0.0.1 /jhms/home/index/gginfo
INFO: [ app_init ] --START--
INFO: Run Behavior\BuildLiteBehavior [ RunTime:0.000037s ]
INFO: [ app_init ] --END-- [ RunTime:0.001161s ]
INFO: [ app_begin ] --START--
INFO: Run Behavior\ReadHtmlCacheBehavior [ RunTime:0.001951s ]
INFO: [ app_begin ] --END-- [ RunTime:0.002136s ]
NOTIC: [2] curl_setopt() [<a href='function.curl-setopt'>function.curl-setopt</a>]: You must pass either an object or an array with the CURLOPT_HTTPHEADER, CURLOPT_QUOTE, CURLOPT_HTTP200ALIASES and CURLOPT_POSTQUOTE arguments E:\xampp\htdocs\jhms\Application\Home\Common\function.php 第 201 行.
INFO: [ app_end ] --START--
INFO: Run Behavior\ShowPageTraceBehavior [ RunTime:0.001986s ]
INFO: [ app_end ] --END-- [ RunTime:0.002362s ]

[ 2016-05-24T16:05:26+08:00 ] 127.0.0.1 /jhms/home/index/gginfo
INFO: [ app_init ] --START--
INFO: Run Behavior\BuildLiteBehavior [ RunTime:0.000038s ]
INFO: [ app_init ] --END-- [ RunTime:0.000959s ]
INFO: [ app_begin ] --START--
INFO: Run Behavior\ReadHtmlCacheBehavior [ RunTime:0.001329s ]
INFO: [ app_begin ] --END-- [ RunTime:0.001505s ]
NOTIC: [2] curl_setopt() [<a href='function.curl-setopt'>function.curl-setopt</a>]: You must pass either an object or an array with the CURLOPT_HTTPHEADER, CURLOPT_QUOTE, CURLOPT_HTTP200ALIASES and CURLOPT_POSTQUOTE arguments E:\xampp\htdocs\jhms\Application\Home\Common\function.php 第 201 行.
INFO: [ app_end ] --START--
INFO: Run Behavior\ShowPageTraceBehavior [ RunTime:0.001756s ]
INFO: [ app_end ] --END-- [ RunTime:0.001995s ]

[ 2016-05-24T16:06:49+08:00 ] 127.0.0.1 /jhms/home/index/gginfo
INFO: [ app_init ] --START--
INFO: Run Behavior\BuildLiteBehavior [ RunTime:0.000044s ]
INFO: [ app_init ] --END-- [ RunTime:0.001188s ]
INFO: [ app_begin ] --START--
INFO: Run Behavior\ReadHtmlCacheBehavior [ RunTime:0.001651s ]
INFO: [ app_begin ] --END-- [ RunTime:0.001868s ]
NOTIC: [2] curl_setopt() [<a href='function.curl-setopt'>function.curl-setopt</a>]: You must pass either an object or an array with the CURLOPT_HTTPHEADER, CURLOPT_QUOTE, CURLOPT_HTTP200ALIASES and CURLOPT_POSTQUOTE arguments E:\xampp\htdocs\jhms\Application\Home\Common\function.php 第 201 行.
INFO: [ app_end ] --START--
INFO: Run Behavior\ShowPageTraceBehavior [ RunTime:0.001655s ]
INFO: [ app_end ] --END-- [ RunTime:0.001852s ]

[ 2016-05-24T16:07:46+08:00 ] 127.0.0.1 /jhms/home/index/gginfo
INFO: [ app_init ] --START--
INFO: Run Behavior\BuildLiteBehavior [ RunTime:0.000037s ]
INFO: [ app_init ] --END-- [ RunTime:0.001040s ]
INFO: [ app_begin ] --START--
INFO: Run Behavior\ReadHtmlCacheBehavior [ RunTime:0.001676s ]
INFO: [ app_begin ] --END-- [ RunTime:0.001884s ]
NOTIC: [2] curl_setopt() [<a href='function.curl-setopt'>function.curl-setopt</a>]: You must pass either an object or an array with the CURLOPT_HTTPHEADER, CURLOPT_QUOTE, CURLOPT_HTTP200ALIASES and CURLOPT_POSTQUOTE arguments E:\xampp\htdocs\jhms\Application\Home\Common\function.php 第 201 行.
INFO: [ app_end ] --START--
INFO: Run Behavior\ShowPageTraceBehavior [ RunTime:0.001978s ]
INFO: [ app_end ] --END-- [ RunTime:0.002226s ]

[ 2016-05-24T16:41:36+08:00 ] 127.0.0.1 /jhms/home/index/gginfo
INFO: [ app_init ] --START--
INFO: Run Behavior\BuildLiteBehavior [ RunTime:0.000044s ]
INFO: [ app_init ] --END-- [ RunTime:0.001253s ]
INFO: [ app_begin ] --START--
INFO: Run Behavior\ReadHtmlCacheBehavior [ RunTime:0.001723s ]
INFO: [ app_begin ] --END-- [ RunTime:0.001946s ]
NOTIC: [2] curl_setopt() [<a href='function.curl-setopt'>function.curl-setopt</a>]: You must pass either an object or an array with the CURLOPT_HTTPHEADER, CURLOPT_QUOTE, CURLOPT_HTTP200ALIASES and CURLOPT_POSTQUOTE arguments E:\xampp\htdocs\jhms\Application\Home\Common\function.php 第 192 行.
NOTIC: [8] iconv() [<a href='function.iconv'>function.iconv</a>]: Detected an illegal character in input string E:\xampp\htdocs\jhms\Application\Home\Common\function.php 第 198 行.

[ 2016-05-24T16:42:08+08:00 ] 127.0.0.1 /jhms/home/index/gginfo
INFO: [ app_init ] --START--
INFO: Run Behavior\BuildLiteBehavior [ RunTime:0.000043s ]
INFO: [ app_init ] --END-- [ RunTime:0.001219s ]
INFO: [ app_begin ] --START--
INFO: Run Behavior\ReadHtmlCacheBehavior [ RunTime:0.001664s ]
INFO: [ app_begin ] --END-- [ RunTime:0.001874s ]
NOTIC: [2] curl_setopt() [<a href='function.curl-setopt'>function.curl-setopt</a>]: You must pass either an object or an array with the CURLOPT_HTTPHEADER, CURLOPT_QUOTE, CURLOPT_HTTP200ALIASES and CURLOPT_POSTQUOTE arguments E:\xampp\htdocs\jhms\Application\Home\Common\function.php 第 192 行.
NOTIC: [8] iconv() [<a href='function.iconv'>function.iconv</a>]: Detected an illegal character in input string E:\xampp\htdocs\jhms\Application\Home\Common\function.php 第 198 行.

[ 2016-05-24T16:42:11+08:00 ] 127.0.0.1 /jhms/home/index/gginfo
INFO: [ app_init ] --START--
INFO: Run Behavior\BuildLiteBehavior [ RunTime:0.000038s ]
INFO: [ app_init ] --END-- [ RunTime:0.000975s ]
INFO: [ app_begin ] --START--
INFO: Run Behavior\ReadHtmlCacheBehavior [ RunTime:0.001507s ]
INFO: [ app_begin ] --END-- [ RunTime:0.002391s ]
NOTIC: [2] curl_setopt() [<a href='function.curl-setopt'>function.curl-setopt</a>]: You must pass either an object or an array with the CURLOPT_HTTPHEADER, CURLOPT_QUOTE, CURLOPT_HTTP200ALIASES and CURLOPT_POSTQUOTE arguments E:\xampp\htdocs\jhms\Application\Home\Common\function.php 第 192 行.
NOTIC: [8] iconv() [<a href='function.iconv'>function.iconv</a>]: Detected an illegal character in input string E:\xampp\htdocs\jhms\Application\Home\Common\function.php 第 198 行.

[ 2016-05-24T16:42:12+08:00 ] 127.0.0.1 /jhms/home/index/gginfo
INFO: [ app_init ] --START--
INFO: Run Behavior\BuildLiteBehavior [ RunTime:0.000042s ]
INFO: [ app_init ] --END-- [ RunTime:0.001165s ]
INFO: [ app_begin ] --START--
INFO: Run Behavior\ReadHtmlCacheBehavior [ RunTime:0.001455s ]
INFO: [ app_begin ] --END-- [ RunTime:0.001636s ]
NOTIC: [2] curl_setopt() [<a href='function.curl-setopt'>function.curl-setopt</a>]: You must pass either an object or an array with the CURLOPT_HTTPHEADER, CURLOPT_QUOTE, CURLOPT_HTTP200ALIASES and CURLOPT_POSTQUOTE arguments E:\xampp\htdocs\jhms\Application\Home\Common\function.php 第 192 行.
NOTIC: [8] iconv() [<a href='function.iconv'>function.iconv</a>]: Detected an illegal character in input string E:\xampp\htdocs\jhms\Application\Home\Common\function.php 第 198 行.

[ 2016-05-24T16:42:26+08:00 ] 127.0.0.1 /jhms/home/index/gginfo
INFO: [ app_init ] --START--
INFO: Run Behavior\BuildLiteBehavior [ RunTime:0.000050s ]
INFO: [ app_init ] --END-- [ RunTime:0.001855s ]
INFO: [ app_begin ] --START--
INFO: Run Behavior\ReadHtmlCacheBehavior [ RunTime:0.001438s ]
INFO: [ app_begin ] --END-- [ RunTime:0.001643s ]
NOTIC: [2] curl_setopt() [<a href='function.curl-setopt'>function.curl-setopt</a>]: You must pass either an object or an array with the CURLOPT_HTTPHEADER, CURLOPT_QUOTE, CURLOPT_HTTP200ALIASES and CURLOPT_POSTQUOTE arguments E:\xampp\htdocs\jhms\Application\Home\Common\function.php 第 192 行.
NOTIC: [8] iconv() [<a href='function.iconv'>function.iconv</a>]: Detected an illegal character in input string E:\xampp\htdocs\jhms\Application\Home\Common\function.php 第 198 行.

[ 2016-05-24T16:50:20+08:00 ] 127.0.0.1 /jhms/home/index/gginfo
INFO: [ app_init ] --START--
INFO: Run Behavior\BuildLiteBehavior [ RunTime:0.000051s ]
INFO: [ app_init ] --END-- [ RunTime:0.001356s ]
INFO: [ app_begin ] --START--
INFO: Run Behavior\ReadHtmlCacheBehavior [ RunTime:0.002546s ]
INFO: [ app_begin ] --END-- [ RunTime:0.002792s ]
NOTIC: [2] require(E:\xampp\htdocs\jhms\ThinkPHP/Lib/Util/simple_html_dom.class.php) [<a href='function.require'>function.require</a>]: failed to open stream: No such file or directory E:\xampp\htdocs\jhms\Application\Home\Common\function.php 第 206 行.

[ 2016-05-24T16:50:40+08:00 ] 127.0.0.1 /jhms/home/index/gginfo
INFO: [ app_init ] --START--
INFO: Run Behavior\BuildLiteBehavior [ RunTime:0.000043s ]
INFO: [ app_init ] --END-- [ RunTime:0.001219s ]
INFO: [ app_begin ] --START--
INFO: Run Behavior\ReadHtmlCacheBehavior [ RunTime:0.001824s ]
INFO: [ app_begin ] --END-- [ RunTime:0.002403s ]
NOTIC: [2] require(E:\xampp\htdocs\jhms\ThinkPHP/Lib\Util\simple_html_dom.class.php) [<a href='function.require'>function.require</a>]: failed to open stream: No such file or directory E:\xampp\htdocs\jhms\Application\Home\Common\function.php 第 206 行.

[ 2016-05-24T16:50:45+08:00 ] 127.0.0.1 /jhms/home/index/gginfo
INFO: [ app_init ] --START--
INFO: Run Behavior\BuildLiteBehavior [ RunTime:0.000039s ]
INFO: [ app_init ] --END-- [ RunTime:0.001583s ]
INFO: [ app_begin ] --START--
INFO: Run Behavior\ReadHtmlCacheBehavior [ RunTime:0.001451s ]
INFO: [ app_begin ] --END-- [ RunTime:0.001660s ]
NOTIC: [2] require(E:\xampp\htdocs\jhms\ThinkPHP/Lib\Util\simple_html_dom.class.php) [<a href='function.require'>function.require</a>]: failed to open stream: No such file or directory E:\xampp\htdocs\jhms\Application\Home\Common\function.php 第 206 行.

[ 2016-05-24T16:50:52+08:00 ] 127.0.0.1 /jhms/home/index/gginfo
INFO: [ app_init ] --START--
INFO: Run Behavior\BuildLiteBehavior [ RunTime:0.000084s ]
INFO: [ app_init ] --END-- [ RunTime:0.002218s ]
INFO: [ app_begin ] --START--
INFO: Run Behavior\ReadHtmlCacheBehavior [ RunTime:0.001652s ]
INFO: [ app_begin ] --END-- [ RunTime:0.001942s ]
NOTIC: [2] require(E:\xampp\htdocs\jhms\ThinkPHP/Lib\Util\simple_html_dom.class.php) [<a href='function.require'>function.require</a>]: failed to open stream: No such file or directory E:\xampp\htdocs\jhms\Application\Home\Common\function.php 第 206 行.

[ 2016-05-24T16:51:04+08:00 ] 127.0.0.1 /jhms/home/index/gginfo
INFO: [ app_init ] --START--
INFO: Run Behavior\BuildLiteBehavior [ RunTime:0.000042s ]
INFO: [ app_init ] --END-- [ RunTime:0.001252s ]
INFO: [ app_begin ] --START--
INFO: Run Behavior\ReadHtmlCacheBehavior [ RunTime:0.001522s ]
INFO: [ app_begin ] --END-- [ RunTime:0.001713s ]
NOTIC: [2] require(E:\xampp\htdocs\jhms\ThinkPHP/\Lib\Util\simple_html_dom.class.php) [<a href='function.require'>function.require</a>]: failed to open stream: No such file or directory E:\xampp\htdocs\jhms\Application\Home\Common\function.php 第 206 行.

[ 2016-05-24T16:51:27+08:00 ] 127.0.0.1 /jhms/home/index/gginfo
INFO: [ app_init ] --START--
INFO: Run Behavior\BuildLiteBehavior [ RunTime:0.000045s ]
INFO: [ app_init ] --END-- [ RunTime:0.001259s ]
INFO: [ app_begin ] --START--
INFO: Run Behavior\ReadHtmlCacheBehavior [ RunTime:0.001318s ]
INFO: [ app_begin ] --END-- [ RunTime:0.001496s ]
NOTIC: [2] require(./Lib\Util\simple_html_dom.class.php) [<a href='function.require'>function.require</a>]: failed to open stream: No such file or directory E:\xampp\htdocs\jhms\Application\Home\Common\function.php 第 206 行.

[ 2016-05-24T16:51:37+08:00 ] 127.0.0.1 /jhms/home/index/gginfo
INFO: [ app_init ] --START--
INFO: Run Behavior\BuildLiteBehavior [ RunTime:0.000042s ]
INFO: [ app_init ] --END-- [ RunTime:0.001108s ]
INFO: [ app_begin ] --START--
INFO: Run Behavior\ReadHtmlCacheBehavior [ RunTime:0.001337s ]
INFO: [ app_begin ] --END-- [ RunTime:0.001513s ]
NOTIC: [2] require(E:\xampp\htdocs\jhms\ThinkPHP/Lib\Util\simple_html_dom.class.php) [<a href='function.require'>function.require</a>]: failed to open stream: No such file or directory E:\xampp\htdocs\jhms\Application\Home\Common\function.php 第 206 行.

[ 2016-05-24T16:52:04+08:00 ] 127.0.0.1 /jhms/home/index/gginfo
INFO: [ app_init ] --START--
INFO: Run Behavior\BuildLiteBehavior [ RunTime:0.000044s ]
INFO: [ app_init ] --END-- [ RunTime:0.001106s ]
INFO: [ app_begin ] --START--
INFO: Run Behavior\ReadHtmlCacheBehavior [ RunTime:0.001397s ]
INFO: [ app_begin ] --END-- [ RunTime:0.001603s ]
NOTIC: [2] require(E:\xampp\htdocs\jhms\ThinkPHP/\Lib\Util\simple_html_dom.class.php) [<a href='function.require'>function.require</a>]: failed to open stream: No such file or directory E:\xampp\htdocs\jhms\Application\Home\Common\function.php 第 206 行.

[ 2016-05-24T16:52:14+08:00 ] 127.0.0.1 /jhms/home/index/gginfo
INFO: [ app_init ] --START--
INFO: Run Behavior\BuildLiteBehavior [ RunTime:0.000038s ]
INFO: [ app_init ] --END-- [ RunTime:0.001068s ]
INFO: [ app_begin ] --START--
INFO: Run Behavior\ReadHtmlCacheBehavior [ RunTime:0.001443s ]
INFO: [ app_begin ] --END-- [ RunTime:0.001646s ]
NOTIC: [2] require(E:\xampp\htdocs\jhms\ThinkPHP\Lib\Util\simple_html_dom.class.php) [<a href='function.require'>function.require</a>]: failed to open stream: No such file or directory E:\xampp\htdocs\jhms\Application\Home\Common\function.php 第 206 行.

[ 2016-05-24T16:52:17+08:00 ] 127.0.0.1 /jhms/home/index/gginfo
INFO: [ app_init ] --START--
INFO: Run Behavior\BuildLiteBehavior [ RunTime:0.000044s ]
INFO: [ app_init ] --END-- [ RunTime:0.001270s ]
INFO: [ app_begin ] --START--
INFO: Run Behavior\ReadHtmlCacheBehavior [ RunTime:0.001410s ]
INFO: [ app_begin ] --END-- [ RunTime:0.001613s ]
NOTIC: [2] require(E:\xampp\htdocs\jhms\ThinkPHP\Lib\Util\simple_html_dom.class.php) [<a href='function.require'>function.require</a>]: failed to open stream: No such file or directory E:\xampp\htdocs\jhms\Application\Home\Common\function.php 第 206 行.

[ 2016-05-24T16:52:20+08:00 ] 127.0.0.1 /jhms/home/index/gginfo
INFO: [ app_init ] --START--
INFO: Run Behavior\BuildLiteBehavior [ RunTime:0.000045s ]
INFO: [ app_init ] --END-- [ RunTime:0.001225s ]
INFO: [ app_begin ] --START--
INFO: Run Behavior\ReadHtmlCacheBehavior [ RunTime:0.001625s ]
INFO: [ app_begin ] --END-- [ RunTime:0.001851s ]
NOTIC: [2] require(E:\xampp\htdocs\jhms\ThinkPHP\Lib\Util\simple_html_dom.class.php) [<a href='function.require'>function.require</a>]: failed to open stream: No such file or directory E:\xampp\htdocs\jhms\Application\Home\Common\function.php 第 206 行.

[ 2016-05-24T16:52:41+08:00 ] 127.0.0.1 /jhms/home/index/gginfo
INFO: [ app_init ] --START--
INFO: Run Behavior\BuildLiteBehavior [ RunTime:0.000042s ]
INFO: [ app_init ] --END-- [ RunTime:0.001093s ]
INFO: [ app_begin ] --START--
INFO: Run Behavior\ReadHtmlCacheBehavior [ RunTime:0.001493s ]
INFO: [ app_begin ] --END-- [ RunTime:0.001704s ]
NOTIC: [2] require(E:/xampp/htdocs/jhms\/ThinkPHP/Lib/Util/simple_html_dom.class.php) [<a href='function.require'>function.require</a>]: failed to open stream: No such file or directory E:\xampp\htdocs\jhms\Application\Home\Common\function.php 第 206 行.

[ 2016-05-24T16:52:43+08:00 ] 127.0.0.1 /jhms/home/index/gginfo
INFO: [ app_init ] --START--
INFO: Run Behavior\BuildLiteBehavior [ RunTime:0.000037s ]
INFO: [ app_init ] --END-- [ RunTime:0.000953s ]
INFO: [ app_begin ] --START--
INFO: Run Behavior\ReadHtmlCacheBehavior [ RunTime:0.001929s ]
INFO: [ app_begin ] --END-- [ RunTime:0.002122s ]
NOTIC: [2] require(E:/xampp/htdocs/jhms\/ThinkPHP/Lib/Util/simple_html_dom.class.php) [<a href='function.require'>function.require</a>]: failed to open stream: No such file or directory E:\xampp\htdocs\jhms\Application\Home\Common\function.php 第 206 行.

[ 2016-05-24T16:52:50+08:00 ] 127.0.0.1 /jhms/home/index/gginfo
INFO: [ app_init ] --START--
INFO: Run Behavior\BuildLiteBehavior [ RunTime:0.000044s ]
INFO: [ app_init ] --END-- [ RunTime:0.001454s ]
INFO: [ app_begin ] --START--
INFO: Run Behavior\ReadHtmlCacheBehavior [ RunTime:0.001642s ]
INFO: [ app_begin ] --END-- [ RunTime:0.001855s ]
NOTIC: [2] require(E:/xampp/htdocs/jhms/ThinkPHP/Lib/Util/simple_html_dom.class.php) [<a href='function.require'>function.require</a>]: failed to open stream: No such file or directory E:\xampp\htdocs\jhms\Application\Home\Common\function.php 第 206 行.

[ 2016-05-24T16:52:54+08:00 ] 127.0.0.1 /jhms/home/index/gginfo
INFO: [ app_init ] --START--
INFO: Run Behavior\BuildLiteBehavior [ RunTime:0.000041s ]
INFO: [ app_init ] --END-- [ RunTime:0.001095s ]
INFO: [ app_begin ] --START--
INFO: Run Behavior\ReadHtmlCacheBehavior [ RunTime:0.001280s ]
INFO: [ app_begin ] --END-- [ RunTime:0.001454s ]
NOTIC: [2] require(E:/xampp/htdocs/jhms/ThinkPHP/Lib/Util/simple_html_dom.class.php) [<a href='function.require'>function.require</a>]: failed to open stream: No such file or directory E:\xampp\htdocs\jhms\Application\Home\Common\function.php 第 206 行.

[ 2016-05-24T16:52:55+08:00 ] 127.0.0.1 /jhms/home/index/gginfo
INFO: [ app_init ] --START--
INFO: Run Behavior\BuildLiteBehavior [ RunTime:0.000041s ]
INFO: [ app_init ] --END-- [ RunTime:0.001191s ]
INFO: [ app_begin ] --START--
INFO: Run Behavior\ReadHtmlCacheBehavior [ RunTime:0.001493s ]
INFO: [ app_begin ] --END-- [ RunTime:0.001750s ]
NOTIC: [2] require(E:/xampp/htdocs/jhms/ThinkPHP/Lib/Util/simple_html_dom.class.php) [<a href='function.require'>function.require</a>]: failed to open stream: No such file or directory E:\xampp\htdocs\jhms\Application\Home\Common\function.php 第 206 行.

[ 2016-05-24T16:52:56+08:00 ] 127.0.0.1 /jhms/home/index/gginfo
INFO: [ app_init ] --START--
INFO: Run Behavior\BuildLiteBehavior [ RunTime:0.000037s ]
INFO: [ app_init ] --END-- [ RunTime:0.001054s ]
INFO: [ app_begin ] --START--
INFO: Run Behavior\ReadHtmlCacheBehavior [ RunTime:0.001570s ]
INFO: [ app_begin ] --END-- [ RunTime:0.001861s ]
NOTIC: [2] require(E:/xampp/htdocs/jhms/ThinkPHP/Lib/Util/simple_html_dom.class.php) [<a href='function.require'>function.require</a>]: failed to open stream: No such file or directory E:\xampp\htdocs\jhms\Application\Home\Common\function.php 第 206 行.

[ 2016-05-24T16:53:04+08:00 ] 127.0.0.1 /jhms/home/index/gginfo
INFO: [ app_init ] --START--
INFO: Run Behavior\BuildLiteBehavior [ RunTime:0.000035s ]
INFO: [ app_init ] --END-- [ RunTime:0.001001s ]
INFO: [ app_begin ] --START--
INFO: Run Behavior\ReadHtmlCacheBehavior [ RunTime:0.001483s ]
INFO: [ app_begin ] --END-- [ RunTime:0.001695s ]
NOTIC: [2] curl_setopt() [<a href='function.curl-setopt'>function.curl-setopt</a>]: You must pass either an object or an array with the CURLOPT_HTTPHEADER, CURLOPT_QUOTE, CURLOPT_HTTP200ALIASES and CURLOPT_POSTQUOTE arguments E:\xampp\htdocs\jhms\Application\Home\Common\function.php 第 192 行.
NOTIC: [8] iconv() [<a href='function.iconv'>function.iconv</a>]: Detected an illegal character in input string E:\xampp\htdocs\jhms\Application\Home\Common\function.php 第 198 行.

[ 2016-05-24T16:53:16+08:00 ] 127.0.0.1 /jhms/home/index/gginfo
INFO: [ app_init ] --START--
INFO: Run Behavior\BuildLiteBehavior [ RunTime:0.000040s ]
INFO: [ app_init ] --END-- [ RunTime:0.001081s ]
INFO: [ app_begin ] --START--
INFO: Run Behavior\ReadHtmlCacheBehavior [ RunTime:0.001540s ]
INFO: [ app_begin ] --END-- [ RunTime:0.001729s ]
NOTIC: [2] curl_setopt() [<a href='function.curl-setopt'>function.curl-setopt</a>]: You must pass either an object or an array with the CURLOPT_HTTPHEADER, CURLOPT_QUOTE, CURLOPT_HTTP200ALIASES and CURLOPT_POSTQUOTE arguments E:\xampp\htdocs\jhms\Application\Home\Common\function.php 第 192 行.
NOTIC: [8] iconv() [<a href='function.iconv'>function.iconv</a>]: Detected an illegal character in input string E:\xampp\htdocs\jhms\Application\Home\Common\function.php 第 198 行.

[ 2016-05-24T16:56:00+08:00 ] 127.0.0.1 /jhms/home/index/showw
INFO: [ app_init ] --START--
INFO: Run Behavior\BuildLiteBehavior [ RunTime:0.000042s ]
INFO: [ app_init ] --END-- [ RunTime:0.001253s ]
INFO: [ app_begin ] --START--
INFO: Run Behavior\ReadHtmlCacheBehavior [ RunTime:0.002718s ]
INFO: [ app_begin ] --END-- [ RunTime:0.003339s ]
INFO: [ app_end ] --START--
INFO: Run Behavior\ShowPageTraceBehavior [ RunTime:0.039749s ]
INFO: [ app_end ] --END-- [ RunTime:0.039970s ]

