[ 2016-05-23T15:17:17+08:00 ] 192.168.37.70 /JHMS/
INFO: [ app_init ] --START--
INFO: Run Behavior\BuildLiteBehavior [ RunTime:0.000048s ]
INFO: [ app_init ] --END-- [ RunTime:0.022670s ]
INFO: [ app_begin ] --START--
INFO: Run Behavior\ReadHtmlCacheBehavior [ RunTime:0.018445s ]
INFO: [ app_begin ] --END-- [ RunTime:0.018769s ]
INFO: [ view_parse ] --START--
INFO: [ template_filter ] --START--
INFO: Run Behavior\ContentReplaceBehavior [ RunTime:0.027467s ]
INFO: [ template_filter ] --END-- [ RunTime:0.027777s ]
INFO: Run Behavior\ParseTemplateBehavior [ RunTime:0.232406s ]
INFO: [ view_parse ] --END-- [ RunTime:0.232638s ]
INFO: [ view_filter ] --START--
INFO: Run Behavior\WriteHtmlCacheBehavior [ RunTime:0.008329s ]
INFO: [ view_filter ] --END-- [ RunTime:0.008499s ]
INFO: [ app_end ] --START--
INFO: Run Behavior\ShowPageTraceBehavior [ RunTime:0.055760s ]
INFO: [ app_end ] --END-- [ RunTime:0.055955s ]

[ 2016-05-23T15:17:21+08:00 ] 192.168.37.70 /JHMS/Home/Index/read
INFO: [ app_init ] --START--
INFO: Run Behavior\BuildLiteBehavior [ RunTime:0.000036s ]
INFO: [ app_init ] --END-- [ RunTime:0.001099s ]
INFO: [ app_begin ] --START--
INFO: Run Behavior\ReadHtmlCacheBehavior [ RunTime:0.001658s ]
INFO: [ app_begin ] --END-- [ RunTime:0.001827s ]
SQL: SHOW COLUMNS FROM `think_zpjh` [ RunTime:0.6993s ]
SQL: SELECT * FROM `think_zpjh`  [ RunTime:0.0972s ]
SQL: SELECT COUNT(*) AS tp_count FROM `think_zpjh` LIMIT 1   [ RunTime:0.0451s ]
INFO: [ app_end ] --START--
INFO: Run Behavior\ShowPageTraceBehavior [ RunTime:0.003436s ]
INFO: [ app_end ] --END-- [ RunTime:0.003784s ]

[ 2016-05-23T15:17:22+08:00 ] 192.168.37.70 /JHMS/Home/Index/read
INFO: [ app_init ] --START--
INFO: Run Behavior\BuildLiteBehavior [ RunTime:0.000039s ]
INFO: [ app_init ] --END-- [ RunTime:0.001286s ]
INFO: [ app_begin ] --START--
INFO: Run Behavior\ReadHtmlCacheBehavior [ RunTime:0.001679s ]
INFO: [ app_begin ] --END-- [ RunTime:0.001870s ]
SQL: SHOW COLUMNS FROM `think_zpjh` [ RunTime:0.0111s ]
SQL: SELECT * FROM `think_zpjh`  [ RunTime:0.0019s ]
SQL: SELECT COUNT(*) AS tp_count FROM `think_zpjh` LIMIT 1   [ RunTime:0.0022s ]
INFO: [ app_end ] --START--
INFO: Run Behavior\ShowPageTraceBehavior [ RunTime:0.001789s ]
INFO: [ app_end ] --END-- [ RunTime:0.001935s ]

[ 2016-05-23T15:17:22+08:00 ] 192.168.37.70 /JHMS/Home/Index/read
INFO: [ app_init ] --START--
INFO: Run Behavior\BuildLiteBehavior [ RunTime:0.000033s ]
INFO: [ app_init ] --END-- [ RunTime:0.001081s ]
INFO: [ app_begin ] --START--
INFO: Run Behavior\ReadHtmlCacheBehavior [ RunTime:0.001464s ]
INFO: [ app_begin ] --END-- [ RunTime:0.001857s ]
SQL: SHOW COLUMNS FROM `think_zpjh` [ RunTime:0.0114s ]
SQL: SELECT * FROM `think_zpjh`  [ RunTime:0.0018s ]
SQL: SELECT COUNT(*) AS tp_count FROM `think_zpjh` LIMIT 1   [ RunTime:0.0280s ]
INFO: [ app_end ] --START--
INFO: Run Behavior\ShowPageTraceBehavior [ RunTime:0.001734s ]
INFO: [ app_end ] --END-- [ RunTime:0.001875s ]

[ 2016-05-23T15:20:11+08:00 ] 192.168.37.70 /JHMS/Home/Index/import
INFO: [ app_init ] --START--
INFO: Run Behavior\BuildLiteBehavior [ RunTime:0.000034s ]
INFO: [ app_init ] --END-- [ RunTime:0.001077s ]
INFO: [ app_begin ] --START--
INFO: Run Behavior\ReadHtmlCacheBehavior [ RunTime:0.001407s ]
INFO: [ app_begin ] --END-- [ RunTime:0.001603s ]
SQL: SHOW COLUMNS FROM `think_zpjh` [ RunTime:0.0102s ]
SQL: DELETE FROM `think_zpjh` WHERE ( 1 ) [ RunTime:0.1448s ]
SQL: INSERT INTO `think_zpjh` (`zpjh`,`xh`,`sjjhh`,`wlbm`,`sl`,`lshqj`,`xxh`,`ddh`,`csh`,`cjh`,`jhms`,`zpdd`,`nsdd`,`zprq`,`rkrq`,`rwh`,`htxh`,`cl`,`ys`,`tsc`,`zdjj`,`bjbbh`,`sjbbh`,`fjzt`,`cjrq`,`fbrq`,`fbr`,`tznr`,`sjbz`,`bz`,`xdxyzt`) VALUES ('2016-装配0096','129','2016-计生(军)0008-010','S2300EW297C29J03J','3','GG003071-GG003073','Z2_1','','驾外购','TL Z0','SX2300C齐星低位驾驶室越野汽车二类/军绿色/ISM450进口泵450马力/F9/14.00R20轮胎/9JS180带QH70取力器/越野花纹轮胎/24V负极搭铁、28V\\2KW发电机、2×12V\\180A·h蓄电池/ZQC2000分动器带N200取力器/400L铝合金油箱/后悬1000mm/采用沙漠空滤器/带北京吉海智通科技贝克品牌集中润滑装置/液体燃油加热器/独立暖风/内置空调/增加前围保护栅、前部灯具保护栅/ABS/驾驶室右侧体现下视镜/取消后牵引钩/随车发运1个备胎、5根1000mm长Φ12软管及接头零件、2根500mm长Φ8软管及接头零件/“三防”处理/具体见2014(军协议)-168及补1、补2/由总装工程兵驻西安和兰州地区军代室军检/重型支援桥“精品工程”/技术、生产、质量均按“精品工程”要求落实/架桥车[]{}','Z2','WG','2016/05/16','2016/06/20','Z2F16012041','SQ2016-052','WG','军绿色','','','V_1','V_2','','2016/05/09 13:50:04','2016/05/09 20:03:10','10352','','','','') [ RunTime:0.1167s ]
SQL: INSERT INTO `think_zpjh` (`zpjh`,`xh`,`sjjhh`,`wlbm`,`sl`,`lshqj`,`xxh`,`ddh`,`csh`,`cjh`,`jhms`,`zpdd`,`nsdd`,`zprq`,`rkrq`,`rwh`,`htxh`,`cl`,`ys`,`tsc`,`zdjj`,`bjbbh`,`sjbbh`,`fjzt`,`cjrq`,`fbrq`,`fbr`,`tznr`,`sjbz`,`bz`,`xdxyzt`) VALUES ('2016-装配0096','130','2016-计生(军)0038-002','S2153LL415UB9J22J','1','GG003074','Z2_2','','JZ11241102002','TL Z0','SX2153B标配低悬架二类/斯太尔加长驾驶室/军绿/川柴260马力国产泵/F9/280L油箱/12.00-20胎/机械备轮架/标准车/由总装驻西安地区军代室军检[]{}','Z2','Z2','2016/05/16','2016/06/15','Z2F16042025','SQ2016-120','奥龙','斯太尔加长驾驶室','是','','V_1','V_1','','2016/05/09 13:50:04','2016/05/09 20:03:10','10352','','','','') [ RunTime:0.0455s ]
SQL: INSERT INTO `think_zpjh` (`zpjh`,`xh`,`sjjhh`,`wlbm`,`sl`,`lshqj`,`xxh`,`ddh`,`csh`,`cjh`,`jhms`,`zpdd`,`nsdd`,`zprq`,`rkrq`,`rwh`,`htxh`,`cl`,`ys`,`tsc`,`zdjj`,`bjbbh`,`sjbbh`,`fjzt`,`cjrq`,`fbrq`,`fbr`,`tznr`,`sjbz`,`bz`,`xdxyzt`) VALUES ('2016-装配0096','131','2016-计生(军)0026-002','S1254EM464W21U01J','3','GG003075-GG003077','Z2_3','','驾外购','TL Z0','SX1254EM464齐星低置驾驶室载货汽车二类/消防红色/WP10.290进口泵290马力/綦齿9档变速器/12.00R20轮胎/变速器5S-111GP带PF61和PR70取力器/后悬2445mm/240L铝合金油箱/内置空调/安装液压油泵支架/随车发运油泵传动轴/标牌、VIN码、合格证均按“SX1254BM464G”出具/具体见2014(军协议)-114（P1、P2换页）/由总装驻西安地区军代室军检[]{}','Z2','WG','2016/05/16','2016/06/17','Z2F16032033','SQ2016-093','WG','消防红色','','','V_1','V_1','','2016/05/09 13:50:04','2016/05/09 20:03:10','10352','','','','') [ RunTime:0.0186s ]
SQL: INSERT INTO `think_zpjh` (`zpjh`,`xh`,`sjjhh`,`wlbm`,`sl`,`lshqj`,`xxh`,`ddh`,`csh`,`cjh`,`jhms`,`zpdd`,`nsdd`,`zprq`,`rkrq`,`rwh`,`htxh`,`cl`,`ys`,`tsc`,`zdjj`,`bjbbh`,`sjbbh`,`fjzt`,`cjrq`,`fbrq`,`fbr`,`tznr`,`sjbz`,`bz`,`xdxyzt`) VALUES ('2016-装配0096','132','2016-计生0263-033','S4256GT324W21B461','2','GG003078-GG003079','Z2_4','100398244','驾外购','DZ96259510862','SX4256GT324牵引车二类/珍珠白普通漆/WP12.375E40/变速器/新款M3000加长高顶驾驶室不带顶侧导流罩//12JSD180TA-铝壳-无取力器/13T MAN单级减速桥-3.7/少片簧前悬架/少片簧后悬架/12R22.5国产无内胎/国产转向机/850×270(8+4)/400L铝合金油箱/无远程油门/国产四通道ABS/天行健智雅版BD车载终端/165Ah普通蓄电池/电动空调/国产离合器/手动翻转/新M3000公路用车保险杠/分体式挡泥板/左前牵引销/轻量化90鞍座/MAN5.5T前轴///普通侧置空滤器/铝水箱/电动摇窗机/无中控锁/空气主座椅/双卧铺/普通排气/杆式后视镜（M3000)//底盘版型：轻量化版/无车贷/出具SX4256GR324整车合格证（WP12.375E40/整备质量:8800/准牵引质量:40000/准乘人数:2/12R22.5）铭牌，VIN//[常规订单]&nbsp;/[车证分离][]{C}','Z2','WG','2016/05/16','2016/05/23','Z2F160510039824401','A-16-0590','M3000','珍珠白普通漆','','','V_1','V_1','','2016/05/09 10:20:34','2016/05/09 20:03:10','10352','','0000311111/','','') [ RunTime:0.0283s ]
SQL: INSERT INTO `think_zpjh` (`zpjh`,`xh`,`sjjhh`,`wlbm`,`sl`,`lshqj`,`xxh`,`ddh`,`csh`,`cjh`,`jhms`,`zpdd`,`nsdd`,`zprq`,`rkrq`,`rwh`,`htxh`,`cl`,`ys`,`tsc`,`zdjj`,`bjbbh`,`sjbbh`,`fjzt`,`cjrq`,`fbrq`,`fbr`,`tznr`,`sjbz`,`bz`,`xdxyzt`) VALUES ('2016-装配0096','133','2016-计生0263-038','S4186GR361W21V457','1','GG003080','Z2_5','100398246','驾外购','DZ96189510581','SX4186GR361牵引车二类/珠光钼红金属漆/WP10.336E40/变速器/新款M3000加长高顶驾驶室带顶侧导流罩//12JSD160TA-铁壳-无取力器/13T MAN单级减速桥-4.111/多片簧前悬架/多片簧后悬架/12R22.5国产无内胎/国产转向机/850×270(8+5)/400L铝合金油箱/无远程油门/国产四通道ABS/天行健智雅版BD车载终端/165Ah普通蓄电池/电动空调/国产离合器/手动翻转/新M3000公路用车保险杠/分体式挡泥板/左前牵引销/普通50鞍座/MAN7.5T前轴///普通侧置空滤器/铝水箱/电动摇窗机/中控锁（带遥控器）/空气主座椅/双卧铺/普通排气/杆式后视镜（M3000)//底盘版型：加强版/无车贷/出具SX4186GR361整车合格证（WP10.336E40/整备质量:7300/准牵引质量:35830/准乘人数:2/12R22.5/牵引座最大承载质量：10505kg）铭牌，VIN//港口运输-重载运输[常规订单]&nbsp;/[车证分离][]{A}','Z2','WG','2016/05/16','2016/05/23','Z2F160510039824601','GZ-16-0226','M3000','珠光钼红金属漆','','','V_1','V_1','','2016/05/09 10:20:34','2016/05/09 20:03:10','10352','','0000311150/','','') [ RunTime:0.0288s ]
SQL: INSERT INTO `think_zpjh` (`zpjh`,`xh`,`sjjhh`,`wlbm`,`sl`,`lshqj`,`xxh`,`ddh`,`csh`,`cjh`,`jhms`,`zpdd`,`nsdd`,`zprq`,`rkrq`,`rwh`,`htxh`,`cl`,`ys`,`tsc`,`zdjj`,`bjbbh`,`sjbbh`,`fjzt`,`cjrq`,`fbrq`,`fbr`,`tznr`,`sjbz`,`bz`,`xdxyzt`) VALUES ('2016-装配0096','134','2016-计生0262-038','S4186GR361W21V457','1','GG003081','Z2_6','100398185','驾外购','DZ96189510581','SX4186GR361牵引车二类/珠光钼红金属漆/WP10.336E40/变速器/新款M3000加长高顶驾驶室不带顶侧导流罩//12JSD160TA-铝壳-QH50/13T MAN单级减速桥-4.111///12R22.5国产无内胎///400L铝合金油箱//国产四通道ABS/天行健智雅版BD车载终端//电动空调//////轻量化90鞍座/MAN7.5T盘式制动前轴/////电动摇窗机////排气管前置(带防火帽）///ECU限速/危险标志牌/2kg灭火器/防静电拖带/voss接头/WABCO制动阀/其余标配/底盘版型轻量化版/无车贷/出具SX4186GR361W整车合格证（WP10.336E40/整备质量:6800/准牵引质量:35000/准乘人数:2/12R22.5）铭牌，VIN//牵引座最大允许承载质量kg:11005/限速80km/h&nbsp;/[车证分离][]{A}','Z2','WG','2016/05/16','2016/05/22','Z2F160510039818501','J-16-2159','M3000','珠光钼红金属漆','','','V_1','V_1','','2016/05/06 14:39:17','2016/05/09 20:03:10','10352','','0000309674/','','') [ RunTime:0.0289s ]
SQL: INSERT INTO `think_zpjh` (`zpjh`,`xh`,`sjjhh`,`wlbm`,`sl`,`lshqj`,`xxh`,`ddh`,`csh`,`cjh`,`jhms`,`zpdd`,`nsdd`,`zprq`,`rkrq`,`rwh`,`htxh`,`cl`,`ys`,`tsc`,`zdjj`,`bjbbh`,`sjbbh`,`fjzt`,`cjrq`,`fbrq`,`fbr`,`tznr`,`sjbz`,`bz`,`xdxyzt`) VALUES ('2016-装配0096','135','2016-计生0263-039','S4186GR361W21V457','2','GG003082-GG003083','Z2_7','100398280','驾外购','DZ96189510581','SX4186GR361牵引车二类/珠光钼红金属漆/WP10.336E40/变速器/新款M3000加长高顶驾驶室带顶侧导流罩//12JSD160TA-铁壳-无取力器/13T MAN单级减速桥-4.111/多片簧前悬架/多片簧后悬架/12R22.5国产无内胎/国产转向机/850×270(8+5)/400L铝合金油箱/无远程油门/国产四通道ABS/天行健智雅版BD车载终端/165Ah普通蓄电池/电动空调/国产离合器/手动翻转/新M3000公路用车保险杠/分体式挡泥板/左前牵引销/普通50鞍座/MAN7.5T前轴///普通侧置空滤器/铝水箱/电动摇窗机/中控锁（带遥控器）/空气主座椅/双卧铺/普通排气/杆式后视镜（M3000)//底盘版型：加强版/无车贷/出具SX4186GR361整车合格证（WP10.336E40/整备质量:7300/准牵引质量:35830/准乘人数:2/12R22.5//牵引座最大允许承载质量kg 10505/外形尺寸(长×宽×高)mm: 6080×2490×3910）铭牌，VIN/港口运输-重载运输-港口（集装箱）[常规订单]&nbsp;/[车证分离][]{C}','Z2','WG','2016/05/16','2016/05/22','Z2F160510039828001','GZ-16-0227','M3000','珠光钼红金属漆','','','V_1','V_1','','2016/05/09 08:32:47','2016/05/09 20:03:10','10352','','0000311551/','','') [ RunTime:0.0289s ]
SQL: INSERT INTO `think_zpjh` (`zpjh`,`xh`,`sjjhh`,`wlbm`,`sl`,`lshqj`,`xxh`,`ddh`,`csh`,`cjh`,`jhms`,`zpdd`,`nsdd`,`zprq`,`rkrq`,`rwh`,`htxh`,`cl`,`ys`,`tsc`,`zdjj`,`bjbbh`,`sjbbh`,`fjzt`,`cjrq`,`fbrq`,`fbr`,`tznr`,`sjbz`,`bz`,`xdxyzt`) VALUES ('2016-装配0096','136','2016-计生0263-034','S4256GT279W21V458','1','GG003084','Z2_8','100398279','驾外购','DZ96259510282','SX4256GT279牵引车二类/珠光钼红金属漆/WP12.375E40/变速器/新款M3000加长高顶驾驶室不带顶侧导流罩//12JSD180TA-铝壳-无取力器/13T MAN单级减速桥-3.7/少片簧前悬架/少片簧后悬架/12R22.5国产无内胎/进口转向机/850×270(8+4)/550L铝合金油箱/无远程油门/国产四通道ABS/天行健智雅版BD车载终端/165Ah普通蓄电池/电动空调/国产离合器/手动翻转/新M3000公路用车保险杠/分体式挡泥板/左前牵引销/轻量化90鞍座/MAN5.5T前轴///普通侧置空滤器/铝水箱/电动摇窗机/中控锁（带遥控器）/空气主座椅/双卧铺/普通排气/杆式后视镜（M3000)//底盘版型：轻量化版/车贷管理/出具SX4256GR279整车合格证（WP12.375E40/整备质量:7600/准牵引质量:38600/准乘人数:2/12R22.5国产无内胎）铭牌，VIN//一致性证书/发动机合格证/拓印膜/整车合格证生产厂家地址打印为西安市幸福北路39号/[常规订单]&nbsp;/[车证分离][]{A}','Z2','WG','2016/05/16','2016/05/23','Z2F160510039827901','W-16-0309','M3000','珠光钼红金属漆','','','V_1','V_1','','2016/05/09 08:32:47','2016/05/09 20:03:11','10352','','0000311550/','','') [ RunTime:0.0290s ]
SQL: INSERT INTO `think_zpjh` (`zpjh`,`xh`,`sjjhh`,`wlbm`,`sl`,`lshqj`,`xxh`,`ddh`,`csh`,`cjh`,`jhms`,`zpdd`,`nsdd`,`zprq`,`rkrq`,`rwh`,`htxh`,`cl`,`ys`,`tsc`,`zdjj`,`bjbbh`,`sjbbh`,`fjzt`,`cjrq`,`fbrq`,`fbr`,`tznr`,`sjbz`,`bz`,`xdxyzt`) VALUES ('2016-装配0096','137','2016-计生0263-035','S4256GT279W21V458','2','GG003085-GG003086','Z2_9','100398283','驾外购','DZ96259510282','SX4256GT279牵引车二类/珠光钼红金属漆/WP12.375E40/变速器/新款M3000加长高顶驾驶室带顶侧导流罩//12JSD180TA-铝壳-无取力器/13T MAN单级减速桥-3.7/少片簧前悬架/少片簧后悬架/12R22.5国产无内胎/国产转向机/850×270(8+4)/550L铝合金油箱/无远程油门/国产四通道ABS/天行健智雅版BD车载终端/165Ah普通蓄电池/电动空调/国产离合器/手动翻转/新M3000公路用车保险杠/分体式挡泥板/左前牵引销/轻量化90鞍座/MAN5.5T前轴///普通侧置空滤器/铝水箱/电动摇窗机/无中控锁/空气主座椅/双卧铺/普通排气/杆式后视镜（M3000)//底盘版型：轻量化版/无车贷/出具SX4256GR279整车合格证（WP12.375E40/整备质量:7200/准牵引质量:38600/准乘人数:2/12R22.5）铭牌，VIN//牵引座最大允许承载质量kg:17605[常规订单]&nbsp;/[车证分离][]{A}','Z2','WG','2016/05/16','2016/05/23','Z2F160510039828301','J-16-2179','M3000','珠光钼红金属漆','','','V_1','V_1','','2016/05/09 08:32:47','2016/05/09 20:03:11','10352','','0000311590/','','') [ RunTime:0.0288s ]
SQL: INSERT INTO `think_zpjh` (`zpjh`,`xh`,`sjjhh`,`wlbm`,`sl`,`lshqj`,`xxh`,`ddh`,`csh`,`cjh`,`jhms`,`zpdd`,`nsdd`,`zprq`,`rkrq`,`rwh`,`htxh`,`cl`,`ys`,`tsc`,`zdjj`,`bjbbh`,`sjbbh`,`fjzt`,`cjrq`,`fbrq`,`fbr`,`tznr`,`sjbz`,`bz`,`xdxyzt`) VALUES ('2016-装配0096','138','2016-计生0263-036','S4256GR279W21V468','15','GG003087-GG003101','Z2_10','100398295','驾外购','DZ96259510282','SX4256GR279牵引车二类/珠光钼红金属漆/WP10.350E40/变速器/新款M3000加长高顶驾驶室不带顶侧导流罩//12JSD160TA-铝壳-无取力器/13T MAN单级减速桥-4.111/少片簧前悬架/少片簧后悬架/12R22.5国产无内胎/国产转向机/850×270(8+4)/550L铝合金油箱/无远程油门/国产四通道ABS/天行健智雅版BD车载终端/165Ah普通蓄电池/电动空调/国产离合器/手动翻转/新M3000公路用车保险杠/分体式挡泥板/左前牵引销/轻量化90鞍座/MAN5.5T前轴///普通侧置空滤器/铝水箱/电动摇窗机/中控锁（带遥控器）/空气主座椅/双卧铺/普通排气/杆式后视镜（M3000)//底盘版型：轻量化版/无车贷/出具SX4256GR279整车合格证（WP10.350E40/整备质量:7200/准牵引质量:38600/准乘人数:2/12R22.5）铭牌，VIN//[常规订单]&nbsp;/[车证分离][]{A}','Z2','WG','2016/05/16','2016/05/23','Z2F160510039829501','HB-16-0996','M3000','珠光钼红金属漆','','','V_1','V_1','','2016/05/09 10:20:34','2016/05/09 20:03:11','10352','','0000311694/','','') [ RunTime:0.0557s ]
SQL: INSERT INTO `think_zpjh` (`zpjh`,`xh`,`sjjhh`,`wlbm`,`sl`,`lshqj`,`xxh`,`ddh`,`csh`,`cjh`,`jhms`,`zpdd`,`nsdd`,`zprq`,`rkrq`,`rwh`,`htxh`,`cl`,`ys`,`tsc`,`zdjj`,`bjbbh`,`sjbbh`,`fjzt`,`cjrq`,`fbrq`,`fbr`,`tznr`,`sjbz`,`bz`,`xdxyzt`) VALUES ('2016-装配0096','139','2016-计生0262-066','S4256GT279W21V458','1','GG003102','Z2_11','100398196','驾外购','DZ96259510282','SX4256GT279牵引车二类/珠光钼红金属漆/WP12.375E40/变速器/新款M3000加长高顶驾驶室不带顶侧导流罩//12JSD180TA-铝壳-无取力器/13T MAN单级减速桥-4.111///12R22.5国产无内胎///550L铝合金油箱//国产四通道ABS/天行健智雅版BD车载终端/165Ah普通蓄电池/电动空调//////轻量化90鞍座//////电动摇窗机/中控锁（带遥控器）//////铝合金储气筒/底盘版型轻量化版/无车贷/出具SX4256GR279整车合格证（WP12.375E40/整备质量:7200/准牵引质量:38600/准乘人数:2/12R22.5）铭牌，VIN/拓印膜/照片/一致性证书/[车证分离][]{A}','Z2','WG','2016/05/16','2016/05/22','Z2F160510039819601','Y-16-0410','M3000','珠光钼红金属漆','','','V_1','V_1','','2016/05/06 14:39:17','2016/05/09 20:03:11','10352','','0000310412/','','') [ RunTime:0.0479s ]
INFO: [ app_end ] --START--
INFO: Run Behavior\ShowPageTraceBehavior [ RunTime:0.002091s ]
INFO: [ app_end ] --END-- [ RunTime:0.002263s ]

[ 2016-05-23T15:20:11+08:00 ] 192.168.37.70 /JHMS/Home/Index/read
INFO: [ app_init ] --START--
INFO: Run Behavior\BuildLiteBehavior [ RunTime:0.000035s ]
INFO: [ app_init ] --END-- [ RunTime:0.001031s ]
INFO: [ app_begin ] --START--
INFO: Run Behavior\ReadHtmlCacheBehavior [ RunTime:0.002082s ]
INFO: [ app_begin ] --END-- [ RunTime:0.002242s ]
SQL: SHOW COLUMNS FROM `think_zpjh` [ RunTime:0.0286s ]
SQL: SELECT * FROM `think_zpjh`  [ RunTime:0.0026s ]
SQL: SELECT COUNT(*) AS tp_count FROM `think_zpjh` LIMIT 1   [ RunTime:0.0012s ]
INFO: [ app_end ] --START--
INFO: Run Behavior\ShowPageTraceBehavior [ RunTime:0.002343s ]
INFO: [ app_end ] --END-- [ RunTime:0.002510s ]

